
Gurobi 6.5.2 (mac64) logging started Wed Nov  2 11:46:13 2016


Gurobi 6.5.2 (mac64) logging started Wed Nov  2 11:46:20 2016


Gurobi 6.5.2 (mac64) logging started Wed Nov  2 11:46:59 2016

Optimize a model with 2 rows, 3 columns and 5 nonzeros
Coefficient statistics:
  Matrix range    [1e+00, 3e+00]
  Objective range [1e+00, 2e+00]
  Bounds range    [1e+00, 1e+00]
  RHS range       [1e+00, 4e+00]
Found heuristic solution: objective 2
Presolve removed 2 rows and 3 columns
Presolve time: 0.01s
Presolve: All rows and columns removed

Explored 0 nodes (0 simplex iterations) in 0.01 seconds
Thread count was 1 (of 4 available processors)

Optimal solution found (tolerance 1.00e-04)
Best objective 3.000000000000e+00, best bound 3.000000000000e+00, gap 0.0%

Gurobi 6.5.2 (mac64) logging started Wed Nov  2 12:32:22 2016

Optimize a model with 2 rows, 3 columns and 5 nonzeros
Coefficient statistics:
  Matrix range    [1e+00, 3e+00]
  Objective range [1e+00, 2e+00]
  Bounds range    [1e+00, 1e+00]
  RHS range       [1e+00, 4e+00]
Found heuristic solution: objective 2
Presolve removed 2 rows and 3 columns
Presolve time: 0.01s
Presolve: All rows and columns removed

Explored 0 nodes (0 simplex iterations) in 0.01 seconds
Thread count was 1 (of 4 available processors)

Optimal solution found (tolerance 1.00e-04)
Best objective 3.000000000000e+00, best bound 3.000000000000e+00, gap 0.0%

Gurobi 6.5.2 (mac64) logging started Wed Nov  2 12:32:33 2016

Optimize a model with 2 rows, 3 columns and 5 nonzeros
Coefficient statistics:
  Matrix range    [1e+00, 3e+00]
  Objective range [1e+00, 2e+00]
  Bounds range    [1e+00, 1e+00]
  RHS range       [1e+00, 4e+00]
Found heuristic solution: objective 2
Presolve removed 2 rows and 3 columns
Presolve time: 0.00s
Presolve: All rows and columns removed

Explored 0 nodes (0 simplex iterations) in 0.00 seconds
Thread count was 1 (of 4 available processors)

Optimal solution found (tolerance 1.00e-04)
Best objective 3.000000000000e+00, best bound 3.000000000000e+00, gap 0.0%

Gurobi 6.5.2 (mac64) logging started Wed Nov  2 12:32:44 2016

Optimize a model with 2 rows, 3 columns and 5 nonzeros
Coefficient statistics:
  Matrix range    [1e+00, 3e+00]
  Objective range [1e+00, 2e+00]
  Bounds range    [1e+00, 1e+00]
  RHS range       [1e+00, 4e+00]
Found heuristic solution: objective 2
Presolve removed 2 rows and 3 columns
Presolve time: 0.00s
Presolve: All rows and columns removed

Explored 0 nodes (0 simplex iterations) in 0.00 seconds
Thread count was 1 (of 4 available processors)

Optimal solution found (tolerance 1.00e-04)
Best objective 3.000000000000e+00, best bound 3.000000000000e+00, gap 0.0%

Gurobi 6.5.2 (mac64) logging started Wed Nov  2 12:33:23 2016

Optimize a model with 2 rows, 3 columns and 5 nonzeros
Coefficient statistics:
  Matrix range    [1e+00, 3e+00]
  Objective range [1e+00, 2e+00]
  Bounds range    [1e+03, 1e+03]
  RHS range       [1e+00, 4e+00]
Found heuristic solution: objective 3
Presolve removed 2 rows and 3 columns
Presolve time: 0.01s
Presolve: All rows and columns removed

Explored 0 nodes (0 simplex iterations) in 0.01 seconds
Thread count was 1 (of 4 available processors)

Optimal solution found (tolerance 1.00e-04)
Best objective 4.000000000000e+00, best bound 4.000000000000e+00, gap 0.0%

Gurobi 6.5.2 (mac64) logging started Wed Nov  2 12:33:43 2016

Optimize a model with 2 rows, 3 columns and 5 nonzeros
Coefficient statistics:
  Matrix range    [1e+00, 3e+00]
  Objective range [1e+00, 2e+00]
  Bounds range    [1e+00, 1e+00]
  RHS range       [1e+00, 4e+00]
Found heuristic solution: objective 2
Presolve removed 2 rows and 3 columns
Presolve time: 0.01s
Presolve: All rows and columns removed

Explored 0 nodes (0 simplex iterations) in 0.01 seconds
Thread count was 1 (of 4 available processors)

Optimal solution found (tolerance 1.00e-04)
Best objective 3.000000000000e+00, best bound 3.000000000000e+00, gap 0.0%

Gurobi 6.5.2 (mac64) logging started Tue Nov  8 09:19:41 2016


Gurobi 6.5.2 (mac64) logging started Tue Nov  8 09:37:51 2016


Gurobi 6.5.2 (mac64) logging started Fri Nov 11 12:08:49 2016

Optimize a model with 3388 rows, 4944 columns and 12358 nonzeros
Coefficient statistics:
  Matrix range    [1e+00, 1e+00]
  Objective range [1e+00, 1e+01]
  Bounds range    [1e+00, 1e+00]
  RHS range       [1e+00, 1e+00]
Found heuristic solution: objective 989
Presolve removed 3388 rows and 4944 columns
Presolve time: 0.01s
Presolve: All rows and columns removed

Explored 0 nodes (0 simplex iterations) in 0.01 seconds
Thread count was 1 (of 4 available processors)

Optimal solution found (tolerance 1.00e-04)
Best objective 9.890000000000e+02, best bound 9.890000000000e+02, gap 0.0%

Gurobi 6.5.2 (mac64) logging started Fri Nov 11 12:10:09 2016

Optimize a model with 3388 rows, 4944 columns and 12358 nonzeros
Coefficient statistics:
  Matrix range    [1e+00, 1e+00]
  Objective range [1e+00, 1e+01]
  Bounds range    [1e+00, 1e+00]
  RHS range       [1e+00, 1e+00]
Found heuristic solution: objective 989
Presolve removed 3388 rows and 4944 columns
Presolve time: 0.00s
Presolve: All rows and columns removed

Explored 0 nodes (0 simplex iterations) in 0.00 seconds
Thread count was 1 (of 4 available processors)

Optimal solution found (tolerance 1.00e-04)
Best objective 9.890000000000e+02, best bound 9.890000000000e+02, gap 0.0%

Gurobi 6.5.2 (mac64) logging started Fri Nov 11 12:11:03 2016


Gurobi 6.5.2 (mac64) logging started Fri Nov 11 12:13:59 2016

Optimize a model with 32889 rows, 49440 columns and 128520 nonzeros
Coefficient statistics:
  Matrix range    [1e+00, 1e+00]
  Objective range [1e+00, 1e+01]
  Bounds range    [1e+00, 1e+00]
  RHS range       [1e+00, 1e+00]
Found heuristic solution: objective 989
Presolve removed 32889 rows and 49440 columns
Presolve time: 0.04s
Presolve: All rows and columns removed

Explored 0 nodes (0 simplex iterations) in 0.06 seconds
Thread count was 1 (of 4 available processors)

Optimal solution found (tolerance 1.00e-04)
Best objective 9.890000000000e+02, best bound 9.890000000000e+02, gap 0.0%

Gurobi 6.5.2 (mac64) logging started Fri Nov 11 12:14:27 2016

Optimize a model with 62649 rows, 98880 columns and 257040 nonzeros
Coefficient statistics:
  Matrix range    [1e+00, 1e+00]
  Objective range [1e+00, 1e+01]
  Bounds range    [1e+00, 1e+00]
  RHS range       [1e+00, 1e+00]
Found heuristic solution: objective 989
Presolve removed 62649 rows and 98880 columns
Presolve time: 0.09s
Presolve: All rows and columns removed

Explored 0 nodes (0 simplex iterations) in 0.11 seconds
Thread count was 1 (of 4 available processors)

Optimal solution found (tolerance 1.00e-04)
Best objective 9.890000000000e+02, best bound 9.890000000000e+02, gap 0.0%

Gurobi 6.5.2 (mac64) logging started Fri Nov 11 12:17:54 2016

Optimize a model with 32889 rows, 49440 columns and 128520 nonzeros
Coefficient statistics:
  Matrix range    [1e+00, 1e+00]
  Objective range [1e+00, 1e+01]
  Bounds range    [1e+00, 1e+00]
  RHS range       [1e+00, 1e+00]
Found heuristic solution: objective 989
Presolve removed 32889 rows and 49440 columns
Presolve time: 0.06s
Presolve: All rows and columns removed

Explored 0 nodes (0 simplex iterations) in 0.07 seconds
Thread count was 1 (of 4 available processors)

Optimal solution found (tolerance 1.00e-04)
Best objective 9.890000000000e+02, best bound 9.890000000000e+02, gap 0.0%

Gurobi 6.5.2 (mac64) logging started Fri Nov 11 12:19:04 2016

Optimize a model with 2 rows, 3 columns and 5 nonzeros
Coefficient statistics:
  Matrix range    [1e+00, 3e+00]
  Objective range [1e+00, 2e+00]
  Bounds range    [1e+00, 1e+00]
  RHS range       [1e+00, 4e+00]
Found heuristic solution: objective 2
Presolve removed 2 rows and 3 columns
Presolve time: 0.00s
Presolve: All rows and columns removed

Explored 0 nodes (0 simplex iterations) in 0.00 seconds
Thread count was 1 (of 4 available processors)

Optimal solution found (tolerance 1.00e-04)
Best objective 3.000000000000e+00, best bound 3.000000000000e+00, gap 0.0%

Gurobi 6.5.2 (mac64) logging started Fri Nov 11 12:19:31 2016

Optimize a model with 2 rows, 3 columns and 5 nonzeros
Coefficient statistics:
  Matrix range    [1e+00, 3e+00]
  Objective range [1e+00, 2e+00]
  Bounds range    [1e+00, 1e+00]
  RHS range       [1e+00, 4e+00]
Found heuristic solution: objective 2
Presolve removed 2 rows and 3 columns
Presolve time: 0.01s
Presolve: All rows and columns removed

Explored 0 nodes (0 simplex iterations) in 0.01 seconds
Thread count was 1 (of 4 available processors)

Optimal solution found (tolerance 1.00e-04)
Best objective 3.000000000000e+00, best bound 3.000000000000e+00, gap 0.0%

Gurobi 6.5.2 (mac64) logging started Fri Nov 11 12:19:38 2016

Optimize a model with 32889 rows, 49440 columns and 128520 nonzeros
Coefficient statistics:
  Matrix range    [1e+00, 1e+00]
  Objective range [1e+00, 1e+01]
  Bounds range    [1e+00, 1e+00]
  RHS range       [1e+00, 1e+00]
Found heuristic solution: objective 989
Presolve removed 32889 rows and 49440 columns
Presolve time: 0.05s
Presolve: All rows and columns removed

Explored 0 nodes (0 simplex iterations) in 0.06 seconds
Thread count was 1 (of 4 available processors)

Optimal solution found (tolerance 1.00e-04)
Best objective 9.890000000000e+02, best bound 9.890000000000e+02, gap 0.0%

Gurobi 6.5.2 (mac64) logging started Fri Nov 11 12:20:26 2016

Optimize a model with 92409 rows, 148320 columns and 385560 nonzeros
Coefficient statistics:
  Matrix range    [1e+00, 1e+00]
  Objective range [1e+00, 1e+01]
  Bounds range    [1e+00, 1e+00]
  RHS range       [1e+00, 1e+00]
Found heuristic solution: objective 989
Presolve removed 92409 rows and 148320 columns
Presolve time: 0.14s
Presolve: All rows and columns removed

Explored 0 nodes (0 simplex iterations) in 0.17 seconds
Thread count was 1 (of 4 available processors)

Optimal solution found (tolerance 1.00e-04)
Best objective 9.890000000000e+02, best bound 9.890000000000e+02, gap 0.0%

Gurobi 6.5.2 (mac64) logging started Fri Nov 11 12:20:57 2016

Optimize a model with 6105 rows, 4944 columns and 12852 nonzeros
Coefficient statistics:
  Matrix range    [1e+00, 1e+00]
  Objective range [1e+00, 1e+01]
  Bounds range    [1e+00, 1e+00]
  RHS range       [1e+00, 1e+00]
Found heuristic solution: objective 989
Presolve removed 6105 rows and 4944 columns
Presolve time: 0.00s
Presolve: All rows and columns removed

Explored 0 nodes (0 simplex iterations) in 0.00 seconds
Thread count was 1 (of 4 available processors)

Optimal solution found (tolerance 1.00e-04)
Best objective 9.890000000000e+02, best bound 9.890000000000e+02, gap 0.0%

Gurobi 6.5.2 (mac64) logging started Fri Nov 11 12:23:02 2016

Optimize a model with 151929 rows, 247200 columns and 642600 nonzeros
Coefficient statistics:
  Matrix range    [1e+00, 1e+00]
  Objective range [1e+00, 1e+01]
  Bounds range    [1e+00, 1e+00]
  RHS range       [1e+00, 1e+00]
Found heuristic solution: objective 989
Presolve removed 151929 rows and 247200 columns
Presolve time: 0.25s
Presolve: All rows and columns removed

Explored 0 nodes (0 simplex iterations) in 0.31 seconds
Thread count was 1 (of 4 available processors)

Optimal solution found (tolerance 1.00e-04)
Best objective 9.890000000000e+02, best bound 9.890000000000e+02, gap 0.0%

Gurobi 6.5.2 (mac64) logging started Fri Nov 11 12:24:06 2016

Optimize a model with 2 rows, 3 columns and 5 nonzeros
Coefficient statistics:
  Matrix range    [1e+00, 3e+00]
  Objective range [1e+00, 2e+00]
  Bounds range    [1e+00, 1e+00]
  RHS range       [1e+00, 4e+00]
Found heuristic solution: objective 2
Presolve removed 2 rows and 3 columns
Presolve time: 0.00s
Presolve: All rows and columns removed

Explored 0 nodes (0 simplex iterations) in 0.00 seconds
Thread count was 1 (of 4 available processors)

Optimal solution found (tolerance 1.00e-04)
Best objective 3.000000000000e+00, best bound 3.000000000000e+00, gap 0.0%

Gurobi 6.5.2 (mac64) logging started Fri Nov 11 12:30:56 2016

Optimize a model with 62649 rows, 98880 columns and 257040 nonzeros
Coefficient statistics:
  Matrix range    [1e+00, 1e+00]
  Objective range [1e+00, 1e+01]
  Bounds range    [1e+00, 1e+00]
  RHS range       [1e+00, 1e+00]
Found heuristic solution: objective 5652
Presolve removed 62649 rows and 98880 columns
Presolve time: 0.11s
Presolve: All rows and columns removed

Explored 0 nodes (0 simplex iterations) in 0.14 seconds
Thread count was 1 (of 4 available processors)

Optimal solution found (tolerance 1.00e-04)
Best objective 5.652000000000e+03, best bound 5.652000000000e+03, gap 0.0%

Gurobi 6.5.2 (mac64) logging started Fri Nov 11 12:33:52 2016

Optimize a model with 62649 rows, 98880 columns and 257040 nonzeros
Coefficient statistics:
  Matrix range    [1e+00, 1e+00]
  Objective range [1e+00, 1e+01]
  Bounds range    [1e+00, 1e+00]
  RHS range       [1e+00, 1e+00]
Found heuristic solution: objective 1333
Presolve removed 60130 rows and 17000 columns
Presolve time: 0.61s
Presolved: 2519 rows, 81880 columns, 163760 nonzeros
Variable types: 0 continuous, 81880 integer (81880 binary)

Root relaxation: objective 1.154000e+03, 1452 iterations, 0.45 seconds

    Nodes    |    Current Node    |     Objective Bounds      |     Work
 Expl Unexpl |  Obj  Depth IntInf | Incumbent    BestBd   Gap | It/Node Time

*    0     0               0    1154.0000000 1154.00000  0.00%     -    1s

Explored 0 nodes (1452 simplex iterations) in 1.16 seconds
Thread count was 4 (of 4 available processors)

Optimal solution found (tolerance 1.00e-04)
Best objective 1.154000000000e+03, best bound 1.154000000000e+03, gap 0.0%

Gurobi 6.5.2 (mac64) logging started Fri Nov 11 13:06:17 2016

Optimize a model with 62889 rows, 98880 columns and 296640 nonzeros
Coefficient statistics:
  Matrix range    [1e+00, 1e+00]
  Objective range [1e+00, 1e+01]
  Bounds range    [1e+00, 1e+00]
  RHS range       [1e+00, 3e+00]
Found heuristic solution: objective 1333
Presolve removed 60130 rows and 17000 columns
Presolve time: 0.57s
Presolved: 2759 rows, 81880 columns, 203360 nonzeros
Variable types: 0 continuous, 81880 integer (81880 binary)

Root relaxation: objective 1.154000e+03, 907 iterations, 0.21 seconds

    Nodes    |    Current Node    |     Objective Bounds      |     Work
 Expl Unexpl |  Obj  Depth IntInf | Incumbent    BestBd   Gap | It/Node Time

*    0     0               0    1154.0000000 1154.00000  0.00%     -    0s

Explored 0 nodes (907 simplex iterations) in 0.87 seconds
Thread count was 4 (of 4 available processors)

Optimal solution found (tolerance 1.00e-04)
Best objective 1.154000000000e+03, best bound 1.154000000000e+03, gap 0.0%

Gurobi 6.5.2 (mac64) logging started Fri Nov 11 13:23:21 2016

Optimize a model with 62889 rows, 98880 columns and 296640 nonzeros
Coefficient statistics:
  Matrix range    [1e+00, 1e+00]
  Objective range [1e+00, 1e+01]
  Bounds range    [1e+00, 1e+00]
  RHS range       [1e+00, 3e+00]
Found heuristic solution: objective 1333
Presolve removed 60130 rows and 17000 columns
Presolve time: 0.55s
Presolved: 2759 rows, 81880 columns, 203360 nonzeros
Variable types: 0 continuous, 81880 integer (81880 binary)

Root relaxation: objective 1.154000e+03, 907 iterations, 0.22 seconds

    Nodes    |    Current Node    |     Objective Bounds      |     Work
 Expl Unexpl |  Obj  Depth IntInf | Incumbent    BestBd   Gap | It/Node Time

*    0     0               0    1154.0000000 1154.00000  0.00%     -    0s

Explored 0 nodes (907 simplex iterations) in 0.87 seconds
Thread count was 4 (of 4 available processors)

Optimal solution found (tolerance 1.00e-04)
Best objective 1.154000000000e+03, best bound 1.154000000000e+03, gap 0.0%

Gurobi 6.5.2 (mac64) logging started Fri Nov 11 13:25:26 2016

Optimize a model with 62889 rows, 98880 columns and 296640 nonzeros
Coefficient statistics:
  Matrix range    [1e+00, 1e+00]
  Objective range [1e+00, 1e+01]
  Bounds range    [1e+00, 1e+00]
  RHS range       [1e+00, 3e+00]
Found heuristic solution: objective 1333
Presolve removed 60130 rows and 17000 columns
Presolve time: 0.57s
Presolved: 2759 rows, 81880 columns, 203360 nonzeros
Variable types: 0 continuous, 81880 integer (81880 binary)

Root relaxation: objective 1.154000e+03, 907 iterations, 0.22 seconds

    Nodes    |    Current Node    |     Objective Bounds      |     Work
 Expl Unexpl |  Obj  Depth IntInf | Incumbent    BestBd   Gap | It/Node Time

*    0     0               0    1154.0000000 1154.00000  0.00%     -    0s

Explored 0 nodes (907 simplex iterations) in 0.88 seconds
Thread count was 4 (of 4 available processors)

Optimal solution found (tolerance 1.00e-04)
Best objective 1.154000000000e+03, best bound 1.154000000000e+03, gap 0.0%

Gurobi 6.5.2 (mac64) logging started Fri Nov 11 13:28:00 2016

Optimize a model with 62889 rows, 98880 columns and 296640 nonzeros
Coefficient statistics:
  Matrix range    [1e+00, 1e+00]
  Objective range [1e+00, 1e+01]
  Bounds range    [1e+00, 1e+00]
  RHS range       [1e+00, 3e+00]
Found heuristic solution: objective 1333
Presolve removed 60130 rows and 17000 columns
Presolve time: 0.57s
Presolved: 2759 rows, 81880 columns, 203360 nonzeros
Variable types: 0 continuous, 81880 integer (81880 binary)

Root relaxation: objective 1.154000e+03, 907 iterations, 0.22 seconds

    Nodes    |    Current Node    |     Objective Bounds      |     Work
 Expl Unexpl |  Obj  Depth IntInf | Incumbent    BestBd   Gap | It/Node Time

*    0     0               0    1154.0000000 1154.00000  0.00%     -    0s

Explored 0 nodes (907 simplex iterations) in 0.89 seconds
Thread count was 4 (of 4 available processors)

Optimal solution found (tolerance 1.00e-04)
Best objective 1.154000000000e+03, best bound 1.154000000000e+03, gap 0.0%

Gurobi 6.5.2 (mac64) logging started Fri Nov 11 13:46:07 2016

Optimize a model with 102489 rows, 98880 columns and 296640 nonzeros
Coefficient statistics:
  Matrix range    [1e+00, 1e+00]
  Objective range [1e+00, 1e+01]
  Bounds range    [1e+00, 1e+00]
  RHS range       [1e+00, 6e+00]
Presolve time: 0.05s

Explored 0 nodes (0 simplex iterations) in 0.30 seconds
Thread count was 1 (of 4 available processors)

Model is infeasible
Best objective -, best bound -, gap -

Gurobi 6.5.2 (mac64) logging started Fri Nov 11 13:46:56 2016

Optimize a model with 152169 rows, 148320 columns and 444960 nonzeros
Coefficient statistics:
  Matrix range    [1e+00, 1e+00]
  Objective range [1e+00, 1e+01]
  Bounds range    [1e+00, 1e+00]
  RHS range       [1e+00, 6e+00]
Presolve time: 0.06s

Explored 0 nodes (0 simplex iterations) in 0.45 seconds
Thread count was 1 (of 4 available processors)

Model is infeasible
Best objective -, best bound -, gap -

Gurobi 6.5.2 (mac64) logging started Fri Nov 11 13:47:15 2016

Optimize a model with 251529 rows, 247200 columns and 741600 nonzeros
Coefficient statistics:
  Matrix range    [1e+00, 1e+00]
  Objective range [1e+00, 1e+01]
  Bounds range    [1e+00, 1e+00]
  RHS range       [1e+00, 6e+00]
Presolve time: 0.14s

Explored 0 nodes (0 simplex iterations) in 0.82 seconds
Thread count was 1 (of 4 available processors)

Model is infeasible
Best objective -, best bound -, gap -

Gurobi 6.5.2 (mac64) logging started Fri Nov 11 13:48:09 2016

Optimize a model with 102489 rows, 98880 columns and 296640 nonzeros
Coefficient statistics:
  Matrix range    [1e+00, 1e+00]
  Objective range [1e+00, 1e+01]
  Bounds range    [1e+00, 1e+00]
  RHS range       [1e+00, 6e+00]
Presolve removed 0 rows and 39600 columns
Presolve time: 0.04s

Explored 0 nodes (0 simplex iterations) in 0.30 seconds
Thread count was 1 (of 4 available processors)

Model is infeasible
Best objective -, best bound -, gap -

Gurobi 6.5.2 (mac64) logging started Fri Nov 11 13:48:47 2016

Optimize a model with 102489 rows, 98880 columns and 296640 nonzeros
Coefficient statistics:
  Matrix range    [1e+00, 1e+00]
  Objective range [1e+00, 1e+01]
  Bounds range    [1e+00, 1e+00]
  RHS range       [1e+00, 3e+00]
Presolve time: 0.04s

Explored 0 nodes (0 simplex iterations) in 0.28 seconds
Thread count was 1 (of 4 available processors)

Model is infeasible
Best objective -, best bound -, gap -

Gurobi 6.5.2 (mac64) logging started Fri Nov 11 13:49:01 2016

Optimize a model with 102489 rows, 98880 columns and 296640 nonzeros
Coefficient statistics:
  Matrix range    [1e+00, 1e+00]
  Objective range [1e+00, 1e+01]
  Bounds range    [1e+00, 1e+00]
  RHS range       [1e+00, 3e+00]
Found heuristic solution: objective 1333
Presolve removed 99730 rows and 17000 columns
Presolve time: 0.57s
Presolved: 2759 rows, 81880 columns, 203360 nonzeros
Variable types: 0 continuous, 81880 integer (81880 binary)

Root relaxation: objective 1.154000e+03, 907 iterations, 0.20 seconds

    Nodes    |    Current Node    |     Objective Bounds      |     Work
 Expl Unexpl |  Obj  Depth IntInf | Incumbent    BestBd   Gap | It/Node Time

*    0     0               0    1154.0000000 1154.00000  0.00%     -    0s

Explored 0 nodes (907 simplex iterations) in 0.87 seconds
Thread count was 4 (of 4 available processors)

Optimal solution found (tolerance 1.00e-04)
Best objective 1.154000000000e+03, best bound 1.154000000000e+03, gap 0.0%

Gurobi 6.5.2 (mac64) logging started Fri Nov 11 13:49:56 2016

Optimize a model with 62889 rows, 98880 columns and 296640 nonzeros
Coefficient statistics:
  Matrix range    [1e+00, 1e+00]
  Objective range [1e+00, 1e+01]
  Bounds range    [1e+00, 1e+00]
  RHS range       [1e+00, 3e+00]
Found heuristic solution: objective 1333
Presolve removed 60130 rows and 17000 columns
Presolve time: 0.55s
Presolved: 2759 rows, 81880 columns, 203360 nonzeros
Variable types: 0 continuous, 81880 integer (81880 binary)

Root relaxation: objective 1.154000e+03, 907 iterations, 0.20 seconds

    Nodes    |    Current Node    |     Objective Bounds      |     Work
 Expl Unexpl |  Obj  Depth IntInf | Incumbent    BestBd   Gap | It/Node Time

*    0     0               0    1154.0000000 1154.00000  0.00%     -    0s

Explored 0 nodes (907 simplex iterations) in 0.84 seconds
Thread count was 4 (of 4 available processors)

Optimal solution found (tolerance 1.00e-04)
Best objective 1.154000000000e+03, best bound 1.154000000000e+03, gap 0.0%

Gurobi 6.5.2 (mac64) logging started Fri Nov 11 13:53:27 2016

Optimize a model with 62889 rows, 98880 columns and 296640 nonzeros
Coefficient statistics:
  Matrix range    [1e+00, 1e+00]
  Objective range [1e+00, 1e+01]
  Bounds range    [1e+00, 1e+00]
  RHS range       [1e+00, 3e+00]
Found heuristic solution: objective 1333
Presolve removed 60130 rows and 17000 columns
Presolve time: 0.55s
Presolved: 2759 rows, 81880 columns, 203360 nonzeros
Variable types: 0 continuous, 81880 integer (81880 binary)

Root relaxation: objective 1.154000e+03, 907 iterations, 0.20 seconds

    Nodes    |    Current Node    |     Objective Bounds      |     Work
 Expl Unexpl |  Obj  Depth IntInf | Incumbent    BestBd   Gap | It/Node Time

*    0     0               0    1154.0000000 1154.00000  0.00%     -    0s

Explored 0 nodes (907 simplex iterations) in 0.84 seconds
Thread count was 4 (of 4 available processors)

Optimal solution found (tolerance 1.00e-04)
Best objective 1.154000000000e+03, best bound 1.154000000000e+03, gap 0.0%

Gurobi 6.5.2 (mac64) logging started Fri Nov 11 13:57:48 2016

Optimize a model with 62889 rows, 98880 columns and 296640 nonzeros
Coefficient statistics:
  Matrix range    [1e+00, 1e+00]
  Objective range [1e+00, 1e+01]
  Bounds range    [1e+00, 1e+00]
  RHS range       [1e+00, 3e+00]
Found heuristic solution: objective 1333
Presolve removed 60130 rows and 17000 columns
Presolve time: 0.55s
Presolved: 2759 rows, 81880 columns, 203360 nonzeros
Variable types: 0 continuous, 81880 integer (81880 binary)

Root relaxation: objective 1.154000e+03, 907 iterations, 0.20 seconds

    Nodes    |    Current Node    |     Objective Bounds      |     Work
 Expl Unexpl |  Obj  Depth IntInf | Incumbent    BestBd   Gap | It/Node Time

*    0     0               0    1154.0000000 1154.00000  0.00%     -    0s

Explored 0 nodes (907 simplex iterations) in 0.83 seconds
Thread count was 4 (of 4 available processors)

Optimal solution found (tolerance 1.00e-04)
Best objective 1.154000000000e+03, best bound 1.154000000000e+03, gap 0.0%

Gurobi 6.5.2 (mac64) logging started Fri Nov 11 13:59:29 2016

Optimize a model with 102249 rows, 98880 columns and 257040 nonzeros
Coefficient statistics:
  Matrix range    [1e+00, 1e+00]
  Objective range [1e+00, 1e+01]
  Bounds range    [1e+00, 1e+00]
  RHS range       [1e+00, 6e+00]
Presolve time: 0.04s

Explored 0 nodes (0 simplex iterations) in 0.30 seconds
Thread count was 1 (of 4 available processors)

Model is infeasible
Best objective -, best bound -, gap -

Gurobi 6.5.2 (mac64) logging started Fri Nov 11 13:59:43 2016

Optimize a model with 42969 rows, 98880 columns and 197760 nonzeros
Coefficient statistics:
  Matrix range    [1e+00, 1e+00]
  Objective range [1e+00, 1e+01]
  Bounds range    [1e+00, 1e+00]
  RHS range       [1e+00, 6e+00]
Presolve time: 0.03s

Explored 0 nodes (0 simplex iterations) in 0.24 seconds
Thread count was 1 (of 4 available processors)

Model is infeasible
Best objective -, best bound -, gap -

Gurobi 6.5.2 (mac64) logging started Fri Nov 11 14:00:05 2016

Optimize a model with 42804 rows, 98880 columns and 158160 nonzeros
Coefficient statistics:
  Matrix range    [1e+00, 1e+00]
  Objective range [1e+00, 1e+01]
  Bounds range    [1e+00, 1e+00]
  RHS range       [1e+00, 6e+00]
Presolve removed 0 rows and 39600 columns
Presolve time: 0.03s

Explored 0 nodes (0 simplex iterations) in 0.22 seconds
Thread count was 1 (of 4 available processors)

Model is infeasible
Best objective -, best bound -, gap -

Gurobi 6.5.2 (mac64) logging started Fri Nov 11 14:00:16 2016

Optimize a model with 42564 rows, 98880 columns and 59280 nonzeros
Coefficient statistics:
  Matrix range    [1e+00, 1e+00]
  Objective range [1e+00, 1e+01]
  Bounds range    [1e+00, 1e+00]
  RHS range       [1e+00, 6e+00]
Presolve removed 0 rows and 98880 columns
Presolve time: 0.02s

Explored 0 nodes (0 simplex iterations) in 0.20 seconds
Thread count was 1 (of 4 available processors)

Model is infeasible
Best objective -, best bound -, gap -

Gurobi 6.5.2 (mac64) logging started Fri Nov 11 14:00:37 2016

Optimize a model with 39600 rows, 98880 columns and 0 nonzeros
Coefficient statistics:
  Matrix range    [0e+00, 0e+00]
  Objective range [1e+00, 1e+01]
  Bounds range    [1e+00, 1e+00]
  RHS range       [2e+00, 6e+00]
Presolve removed 0 rows and 98880 columns
Presolve time: 0.03s

Explored 0 nodes (0 simplex iterations) in 0.07 seconds
Thread count was 1 (of 4 available processors)

Model is infeasible
Best objective -, best bound -, gap -

Gurobi 6.5.2 (mac64) logging started Fri Nov 11 14:00:55 2016

Optimize a model with 62889 rows, 98880 columns and 296640 nonzeros
Coefficient statistics:
  Matrix range    [1e+00, 1e+00]
  Objective range [1e+00, 1e+01]
  Bounds range    [1e+00, 1e+00]
  RHS range       [1e+00, 3e+00]
Found heuristic solution: objective 1333
Presolve removed 60130 rows and 17000 columns
Presolve time: 0.55s
Presolved: 2759 rows, 81880 columns, 203360 nonzeros
Variable types: 0 continuous, 81880 integer (81880 binary)

Root relaxation: objective 1.154000e+03, 907 iterations, 0.21 seconds

    Nodes    |    Current Node    |     Objective Bounds      |     Work
 Expl Unexpl |  Obj  Depth IntInf | Incumbent    BestBd   Gap | It/Node Time

*    0     0               0    1154.0000000 1154.00000  0.00%     -    0s

Explored 0 nodes (907 simplex iterations) in 0.86 seconds
Thread count was 4 (of 4 available processors)

Optimal solution found (tolerance 1.00e-04)
Best objective 1.154000000000e+03, best bound 1.154000000000e+03, gap 0.0%

Gurobi 6.5.2 (mac64) logging started Fri Nov 11 14:01:26 2016

Optimize a model with 62649 rows, 98880 columns and 257040 nonzeros
Coefficient statistics:
  Matrix range    [1e+00, 1e+00]
  Objective range [1e+00, 1e+01]
  Bounds range    [1e+00, 1e+00]
  RHS range       [1e+00, 1e+00]
Found heuristic solution: objective 1333
Presolve removed 60130 rows and 17000 columns
Presolve time: 0.58s
Presolved: 2519 rows, 81880 columns, 163760 nonzeros
Variable types: 0 continuous, 81880 integer (81880 binary)

Root relaxation: objective 1.154000e+03, 1452 iterations, 0.42 seconds

    Nodes    |    Current Node    |     Objective Bounds      |     Work
 Expl Unexpl |  Obj  Depth IntInf | Incumbent    BestBd   Gap | It/Node Time

*    0     0               0    1154.0000000 1154.00000  0.00%     -    1s

Explored 0 nodes (1452 simplex iterations) in 1.09 seconds
Thread count was 4 (of 4 available processors)

Optimal solution found (tolerance 1.00e-04)
Best objective 1.154000000000e+03, best bound 1.154000000000e+03, gap 0.0%

Gurobi 6.5.2 (mac64) logging started Fri Nov 11 14:01:40 2016

Optimize a model with 62889 rows, 98880 columns and 296640 nonzeros
Coefficient statistics:
  Matrix range    [1e+00, 1e+00]
  Objective range [1e+00, 1e+01]
  Bounds range    [1e+00, 1e+00]
  RHS range       [1e+00, 3e+00]
Found heuristic solution: objective 1333
Presolve removed 60130 rows and 17000 columns
Presolve time: 0.56s
Presolved: 2759 rows, 81880 columns, 203360 nonzeros
Variable types: 0 continuous, 81880 integer (81880 binary)

Root relaxation: objective 1.154000e+03, 907 iterations, 0.19 seconds

    Nodes    |    Current Node    |     Objective Bounds      |     Work
 Expl Unexpl |  Obj  Depth IntInf | Incumbent    BestBd   Gap | It/Node Time

*    0     0               0    1154.0000000 1154.00000  0.00%     -    0s

Explored 0 nodes (907 simplex iterations) in 0.83 seconds
Thread count was 4 (of 4 available processors)

Optimal solution found (tolerance 1.00e-04)
Best objective 1.154000000000e+03, best bound 1.154000000000e+03, gap 0.0%

Gurobi 6.5.2 (mac64) logging started Fri Nov 11 14:08:18 2016

Optimize a model with 62889 rows, 98880 columns and 296640 nonzeros
Coefficient statistics:
  Matrix range    [1e+00, 1e+00]
  Objective range [1e+00, 1e+01]
  Bounds range    [1e+00, 1e+00]
  RHS range       [1e+00, 3e+00]
Found heuristic solution: objective 1333
Presolve removed 60130 rows and 17000 columns
Presolve time: 0.56s
Presolved: 2759 rows, 81880 columns, 203360 nonzeros
Variable types: 0 continuous, 81880 integer (81880 binary)

Root relaxation: objective 1.154000e+03, 907 iterations, 0.21 seconds

    Nodes    |    Current Node    |     Objective Bounds      |     Work
 Expl Unexpl |  Obj  Depth IntInf | Incumbent    BestBd   Gap | It/Node Time

*    0     0               0    1154.0000000 1154.00000  0.00%     -    0s

Explored 0 nodes (907 simplex iterations) in 0.87 seconds
Thread count was 4 (of 4 available processors)

Optimal solution found (tolerance 1.00e-04)
Best objective 1.154000000000e+03, best bound 1.154000000000e+03, gap 0.0%

Gurobi 6.5.2 (mac64) logging started Fri Nov 11 14:08:41 2016

Optimize a model with 102489 rows, 98880 columns and 296640 nonzeros
Coefficient statistics:
  Matrix range    [1e+00, 1e+00]
  Objective range [1e+00, 1e+01]
  Bounds range    [1e+00, 1e+00]
  RHS range       [1e+00, 6e+00]
Presolve time: 0.04s

Explored 0 nodes (0 simplex iterations) in 0.28 seconds
Thread count was 1 (of 4 available processors)

Model is infeasible
Best objective -, best bound -, gap -

Gurobi 6.5.2 (mac64) logging started Fri Nov 11 14:10:26 2016

Optimize a model with 62889 rows, 98880 columns and 296640 nonzeros
Coefficient statistics:
  Matrix range    [1e+00, 1e+00]
  Objective range [1e+00, 1e+01]
  Bounds range    [1e+00, 1e+00]
  RHS range       [1e+00, 3e+00]
Found heuristic solution: objective 1333
Presolve removed 60130 rows and 17000 columns
Presolve time: 0.55s
Presolved: 2759 rows, 81880 columns, 203360 nonzeros
Variable types: 0 continuous, 81880 integer (81880 binary)

Root relaxation: objective 1.154000e+03, 907 iterations, 0.20 seconds

    Nodes    |    Current Node    |     Objective Bounds      |     Work
 Expl Unexpl |  Obj  Depth IntInf | Incumbent    BestBd   Gap | It/Node Time

*    0     0               0    1154.0000000 1154.00000  0.00%     -    0s

Explored 0 nodes (907 simplex iterations) in 0.84 seconds
Thread count was 4 (of 4 available processors)

Optimal solution found (tolerance 1.00e-04)
Best objective 1.154000000000e+03, best bound 1.154000000000e+03, gap 0.0%

Gurobi 6.5.2 (mac64) logging started Fri Nov 11 14:13:35 2016

Optimize a model with 62889 rows, 98880 columns and 296640 nonzeros
Coefficient statistics:
  Matrix range    [1e+00, 1e+00]
  Objective range [1e+00, 1e+01]
  Bounds range    [1e+00, 1e+00]
  RHS range       [1e+00, 3e+00]
Found heuristic solution: objective 1333
Presolve removed 60130 rows and 17000 columns
Presolve time: 0.58s
Presolved: 2759 rows, 81880 columns, 203360 nonzeros
Variable types: 0 continuous, 81880 integer (81880 binary)

Root relaxation: objective 1.154000e+03, 907 iterations, 0.21 seconds

    Nodes    |    Current Node    |     Objective Bounds      |     Work
 Expl Unexpl |  Obj  Depth IntInf | Incumbent    BestBd   Gap | It/Node Time

*    0     0               0    1154.0000000 1154.00000  0.00%     -    0s

Explored 0 nodes (907 simplex iterations) in 0.89 seconds
Thread count was 4 (of 4 available processors)

Optimal solution found (tolerance 1.00e-04)
Best objective 1.154000000000e+03, best bound 1.154000000000e+03, gap 0.0%

Gurobi 6.5.2 (mac64) logging started Fri Nov 11 14:17:00 2016

Optimize a model with 62889 rows, 98880 columns and 296640 nonzeros
Coefficient statistics:
  Matrix range    [1e+00, 1e+00]
  Objective range [1e+00, 1e+01]
  Bounds range    [1e+00, 1e+00]
  RHS range       [1e+00, 3e+00]
Found heuristic solution: objective 1333
Presolve removed 60130 rows and 17000 columns
Presolve time: 0.56s
Presolved: 2759 rows, 81880 columns, 203360 nonzeros
Variable types: 0 continuous, 81880 integer (81880 binary)

Root relaxation: objective 1.154000e+03, 907 iterations, 0.20 seconds

    Nodes    |    Current Node    |     Objective Bounds      |     Work
 Expl Unexpl |  Obj  Depth IntInf | Incumbent    BestBd   Gap | It/Node Time

*    0     0               0    1154.0000000 1154.00000  0.00%     -    0s

Explored 0 nodes (907 simplex iterations) in 0.87 seconds
Thread count was 4 (of 4 available processors)

Optimal solution found (tolerance 1.00e-04)
Best objective 1.154000000000e+03, best bound 1.154000000000e+03, gap 0.0%

Gurobi 6.5.2 (mac64) logging started Sat Nov 12 10:40:59 2016

Optimize a model with 62889 rows, 98880 columns and 296640 nonzeros
Coefficient statistics:
  Matrix range    [1e+00, 1e+00]
  Objective range [1e+00, 1e+01]
  Bounds range    [1e+00, 1e+00]
  RHS range       [1e+00, 3e+00]
Found heuristic solution: objective 1333
Presolve removed 60130 rows and 17000 columns
Presolve time: 0.58s
Presolved: 2759 rows, 81880 columns, 203360 nonzeros
Variable types: 0 continuous, 81880 integer (81880 binary)

Root relaxation: objective 1.154000e+03, 907 iterations, 0.21 seconds

    Nodes    |    Current Node    |     Objective Bounds      |     Work
 Expl Unexpl |  Obj  Depth IntInf | Incumbent    BestBd   Gap | It/Node Time

*    0     0               0    1154.0000000 1154.00000  0.00%     -    0s

Explored 0 nodes (907 simplex iterations) in 0.89 seconds
Thread count was 4 (of 4 available processors)

Optimal solution found (tolerance 1.00e-04)
Best objective 1.154000000000e+03, best bound 1.154000000000e+03, gap 0.0%

Gurobi 6.5.2 (mac64) logging started Sat Nov 12 10:41:09 2016

Optimize a model with 63446 rows, 98880 columns and 296640 nonzeros
Coefficient statistics:
  Matrix range    [1e+00, 1e+00]
  Objective range [1e+00, 1e+01]
  Bounds range    [1e+00, 1e+00]
  RHS range       [1e+00, 3e+00]
Presolve time: 0.05s

Explored 0 nodes (0 simplex iterations) in 0.12 seconds
Thread count was 1 (of 4 available processors)

Model is infeasible
Best objective -, best bound -, gap -

Gurobi 6.5.2 (mac64) logging started Sat Nov 12 10:41:59 2016

Optimize a model with 63446 rows, 98880 columns and 296640 nonzeros
Coefficient statistics:
  Matrix range    [1e+00, 1e+00]
  Objective range [1e+00, 1e+01]
  Bounds range    [1e+00, 1e+00]
  RHS range       [1e+00, 3e+00]
Presolve time: 0.05s

Explored 0 nodes (0 simplex iterations) in 0.13 seconds
Thread count was 1 (of 4 available processors)

Model is infeasible
Best objective -, best bound -, gap -

Gurobi 6.5.2 (mac64) logging started Sat Nov 12 10:42:24 2016

Optimize a model with 63446 rows, 98880 columns and 296640 nonzeros
Coefficient statistics:
  Matrix range    [1e+00, 1e+00]
  Objective range [1e+00, 1e+01]
  Bounds range    [1e+00, 1e+00]
  RHS range       [1e+00, 3e+00]
Found heuristic solution: objective 1333
Presolve removed 60687 rows and 17000 columns
Presolve time: 0.54s
Presolved: 2759 rows, 81880 columns, 203360 nonzeros
Variable types: 0 continuous, 81880 integer (81880 binary)

Root relaxation: objective 1.154000e+03, 907 iterations, 0.23 seconds

    Nodes    |    Current Node    |     Objective Bounds      |     Work
 Expl Unexpl |  Obj  Depth IntInf | Incumbent    BestBd   Gap | It/Node Time

*    0     0               0    1154.0000000 1154.00000  0.00%     -    0s

Explored 0 nodes (907 simplex iterations) in 0.86 seconds
Thread count was 4 (of 4 available processors)

Optimal solution found (tolerance 1.00e-04)
Best objective 1.154000000000e+03, best bound 1.154000000000e+03, gap 0.0%

Gurobi 6.5.2 (mac64) logging started Sat Nov 12 10:43:07 2016

Optimize a model with 63446 rows, 98880 columns and 296640 nonzeros
Coefficient statistics:
  Matrix range    [1e+00, 1e+00]
  Objective range [1e+00, 1e+01]
  Bounds range    [1e+00, 1e+00]
  RHS range       [1e+00, 3e+00]
Presolve removed 0 rows and 39600 columns
Presolve time: 0.04s

Explored 0 nodes (0 simplex iterations) in 0.11 seconds
Thread count was 1 (of 4 available processors)

Model is infeasible
Best objective -, best bound -, gap -

Gurobi 6.5.2 (mac64) logging started Sat Nov 12 10:43:59 2016

Optimize a model with 63446 rows, 98880 columns and 296640 nonzeros
Coefficient statistics:
  Matrix range    [1e+00, 1e+00]
  Objective range [1e+00, 1e+01]
  Bounds range    [1e+00, 1e+00]
  RHS range       [1e+00, 3e+00]
Presolve time: 0.03s

Explored 0 nodes (0 simplex iterations) in 0.10 seconds
Thread count was 1 (of 4 available processors)

Model is infeasible
Best objective -, best bound -, gap -

Gurobi 6.5.2 (mac64) logging started Sat Nov 12 10:45:52 2016

Optimize a model with 4166 rows, 98880 columns and 237360 nonzeros
Coefficient statistics:
  Matrix range    [1e+00, 1e+00]
  Objective range [1e+00, 1e+01]
  Bounds range    [1e+00, 1e+00]
  RHS range       [1e+00, 3e+00]
Presolve time: 0.05s

Explored 0 nodes (0 simplex iterations) in 0.08 seconds
Thread count was 1 (of 4 available processors)

Model is infeasible
Best objective -, best bound -, gap -

Gurobi 6.5.2 (mac64) logging started Sat Nov 12 10:46:17 2016

Optimize a model with 62889 rows, 98880 columns and 296640 nonzeros
Coefficient statistics:
  Matrix range    [1e+00, 1e+00]
  Objective range [1e+00, 1e+01]
  Bounds range    [1e+00, 1e+00]
  RHS range       [1e+00, 3e+00]
Found heuristic solution: objective 1333
Presolve removed 60130 rows and 17000 columns
Presolve time: 0.60s
Presolved: 2759 rows, 81880 columns, 203360 nonzeros
Variable types: 0 continuous, 81880 integer (81880 binary)

Root relaxation: objective 1.154000e+03, 907 iterations, 0.21 seconds

    Nodes    |    Current Node    |     Objective Bounds      |     Work
 Expl Unexpl |  Obj  Depth IntInf | Incumbent    BestBd   Gap | It/Node Time

*    0     0               0    1154.0000000 1154.00000  0.00%     -    0s

Explored 0 nodes (907 simplex iterations) in 0.92 seconds
Thread count was 4 (of 4 available processors)

Optimal solution found (tolerance 1.00e-04)
Best objective 1.154000000000e+03, best bound 1.154000000000e+03, gap 0.0%

Gurobi 6.5.2 (mac64) logging started Sat Nov 12 10:51:30 2016

Optimize a model with 62889 rows, 98880 columns and 296640 nonzeros
Coefficient statistics:
  Matrix range    [1e+00, 1e+00]
  Objective range [1e+00, 1e+01]
  Bounds range    [1e+00, 1e+00]
  RHS range       [1e+00, 3e+00]
Found heuristic solution: objective 1333
Presolve removed 60130 rows and 17000 columns
Presolve time: 0.60s
Presolved: 2759 rows, 81880 columns, 203360 nonzeros
Variable types: 0 continuous, 81880 integer (81880 binary)

Root relaxation: objective 1.154000e+03, 907 iterations, 0.20 seconds

    Nodes    |    Current Node    |     Objective Bounds      |     Work
 Expl Unexpl |  Obj  Depth IntInf | Incumbent    BestBd   Gap | It/Node Time

*    0     0               0    1154.0000000 1154.00000  0.00%     -    0s

Explored 0 nodes (907 simplex iterations) in 0.91 seconds
Thread count was 4 (of 4 available processors)

Optimal solution found (tolerance 1.00e-04)
Best objective 1.154000000000e+03, best bound 1.154000000000e+03, gap 0.0%

Gurobi 6.5.2 (mac64) logging started Sat Nov 12 11:02:42 2016

Optimize a model with 62889 rows, 98880 columns and 296640 nonzeros
Coefficient statistics:
  Matrix range    [1e+00, 1e+00]
  Objective range [1e+00, 1e+01]
  Bounds range    [1e+00, 1e+00]
  RHS range       [1e+00, 3e+00]
Found heuristic solution: objective 1333
Presolve removed 60130 rows and 17000 columns
Presolve time: 0.58s
Presolved: 2759 rows, 81880 columns, 203360 nonzeros
Variable types: 0 continuous, 81880 integer (81880 binary)

Root relaxation: objective 1.154000e+03, 907 iterations, 0.21 seconds

    Nodes    |    Current Node    |     Objective Bounds      |     Work
 Expl Unexpl |  Obj  Depth IntInf | Incumbent    BestBd   Gap | It/Node Time

*    0     0               0    1154.0000000 1154.00000  0.00%     -    0s

Explored 0 nodes (907 simplex iterations) in 0.89 seconds
Thread count was 4 (of 4 available processors)

Optimal solution found (tolerance 1.00e-04)
Best objective 1.154000000000e+03, best bound 1.154000000000e+03, gap 0.0%

Gurobi 6.5.2 (mac64) logging started Sat Nov 12 11:16:56 2016

Optimize a model with 62889 rows, 98880 columns and 296640 nonzeros
Coefficient statistics:
  Matrix range    [1e+00, 1e+00]
  Objective range [1e+00, 1e+01]
  Bounds range    [1e+00, 1e+00]
  RHS range       [1e+00, 3e+00]
Found heuristic solution: objective 1333
Presolve removed 60130 rows and 17000 columns
Presolve time: 0.57s
Presolved: 2759 rows, 81880 columns, 203360 nonzeros
Variable types: 0 continuous, 81880 integer (81880 binary)

Root relaxation: objective 1.154000e+03, 907 iterations, 0.20 seconds

    Nodes    |    Current Node    |     Objective Bounds      |     Work
 Expl Unexpl |  Obj  Depth IntInf | Incumbent    BestBd   Gap | It/Node Time

*    0     0               0    1154.0000000 1154.00000  0.00%     -    0s

Explored 0 nodes (907 simplex iterations) in 0.87 seconds
Thread count was 4 (of 4 available processors)

Optimal solution found (tolerance 1.00e-04)
Best objective 1.154000000000e+03, best bound 1.154000000000e+03, gap 0.0%

Gurobi 6.5.2 (mac64) logging started Sat Nov 12 11:21:31 2016

Optimize a model with 62801 rows, 98880 columns and 118560 nonzeros
Coefficient statistics:
  Matrix range    [1e+00, 1e+00]
  Objective range [1e+00, 1e+01]
  Bounds range    [1e+00, 1e+00]
  RHS range       [1e+00, 1e+00]
Presolve removed 0 rows and 98880 columns
Presolve time: 0.03s

Explored 0 nodes (0 simplex iterations) in 0.10 seconds
Thread count was 1 (of 4 available processors)

Model is infeasible
Best objective -, best bound -, gap -

Gurobi 6.5.2 (mac64) logging started Sat Nov 12 11:21:40 2016

Optimize a model with 557 rows, 98880 columns and 0 nonzeros
Coefficient statistics:
  Matrix range    [0e+00, 0e+00]
  Objective range [1e+00, 1e+01]
  Bounds range    [1e+00, 1e+00]
  RHS range       [1e+00, 1e+00]
Presolve removed 0 rows and 98880 columns
Presolve time: 0.03s

Explored 0 nodes (0 simplex iterations) in 0.06 seconds
Thread count was 1 (of 4 available processors)

Model is infeasible
Best objective -, best bound -, gap -

Gurobi 6.5.2 (mac64) logging started Sat Nov 12 11:22:51 2016

Optimize a model with 557 rows, 98880 columns and 0 nonzeros
Coefficient statistics:
  Matrix range    [0e+00, 0e+00]
  Objective range [1e+00, 1e+01]
  Bounds range    [1e+00, 1e+00]
  RHS range       [1e+00, 1e+00]
Presolve removed 0 rows and 98880 columns
Presolve time: 0.03s

Explored 0 nodes (0 simplex iterations) in 0.07 seconds
Thread count was 1 (of 4 available processors)

Model is infeasible
Best objective -, best bound -, gap -

Gurobi 6.5.2 (mac64) logging started Sat Nov 12 11:23:04 2016

Optimize a model with 0 rows, 98880 columns and 0 nonzeros
Coefficient statistics:
  Matrix range    [0e+00, 0e+00]
  Objective range [1e+00, 1e+01]
  Bounds range    [1e+00, 1e+00]
  RHS range       [0e+00, 0e+00]
Found heuristic solution: objective 989
Presolve removed 0 rows and 98880 columns
Presolve time: 0.03s
Presolve: All rows and columns removed

Explored 0 nodes (0 simplex iterations) in 0.05 seconds
Thread count was 1 (of 4 available processors)

Optimal solution found (tolerance 1.00e-04)
Best objective 9.890000000000e+02, best bound 9.890000000000e+02, gap 0.0%

Gurobi 6.5.2 (mac64) logging started Sat Nov 12 11:27:08 2016

Optimize a model with 0 rows, 98880 columns and 0 nonzeros
Coefficient statistics:
  Matrix range    [0e+00, 0e+00]
  Objective range [1e+00, 1e+01]
  Bounds range    [1e+00, 1e+00]
  RHS range       [0e+00, 0e+00]
Found heuristic solution: objective 989
Presolve removed 0 rows and 98880 columns
Presolve time: 0.05s
Presolve: All rows and columns removed

Explored 0 nodes (0 simplex iterations) in 0.07 seconds
Thread count was 1 (of 4 available processors)

Optimal solution found (tolerance 1.00e-04)
Best objective 9.890000000000e+02, best bound 9.890000000000e+02, gap 0.0%

Gurobi 6.5.2 (mac64) logging started Sat Nov 12 11:27:29 2016

Optimize a model with 62889 rows, 98880 columns and 296640 nonzeros
Coefficient statistics:
  Matrix range    [1e+00, 1e+00]
  Objective range [1e+00, 1e+01]
  Bounds range    [1e+00, 1e+00]
  RHS range       [1e+00, 3e+00]
Found heuristic solution: objective 1333
Presolve removed 60130 rows and 17000 columns
Presolve time: 0.61s
Presolved: 2759 rows, 81880 columns, 203360 nonzeros
Variable types: 0 continuous, 81880 integer (81880 binary)

Root relaxation: objective 1.154000e+03, 907 iterations, 0.22 seconds

    Nodes    |    Current Node    |     Objective Bounds      |     Work
 Expl Unexpl |  Obj  Depth IntInf | Incumbent    BestBd   Gap | It/Node Time

*    0     0               0    1154.0000000 1154.00000  0.00%     -    0s

Explored 0 nodes (907 simplex iterations) in 0.93 seconds
Thread count was 4 (of 4 available processors)

Optimal solution found (tolerance 1.00e-04)
Best objective 1.154000000000e+03, best bound 1.154000000000e+03, gap 0.0%

Gurobi 6.5.2 (mac64) logging started Sat Nov 12 11:28:48 2016

Optimize a model with 62889 rows, 98880 columns and 296640 nonzeros
Coefficient statistics:
  Matrix range    [1e+00, 1e+00]
  Objective range [1e+00, 1e+01]
  Bounds range    [1e+00, 1e+00]
  RHS range       [1e+00, 3e+00]
Found heuristic solution: objective 1333
Presolve removed 60130 rows and 17000 columns
Presolve time: 0.56s
Presolved: 2759 rows, 81880 columns, 203360 nonzeros
Variable types: 0 continuous, 81880 integer (81880 binary)

Root relaxation: objective 1.154000e+03, 907 iterations, 0.23 seconds

    Nodes    |    Current Node    |     Objective Bounds      |     Work
 Expl Unexpl |  Obj  Depth IntInf | Incumbent    BestBd   Gap | It/Node Time

*    0     0               0    1154.0000000 1154.00000  0.00%     -    0s

Explored 0 nodes (907 simplex iterations) in 0.89 seconds
Thread count was 4 (of 4 available processors)

Optimal solution found (tolerance 1.00e-04)
Best objective 1.154000000000e+03, best bound 1.154000000000e+03, gap 0.0%

Gurobi 6.5.2 (mac64) logging started Sat Nov 12 11:29:04 2016

Optimize a model with 62889 rows, 98880 columns and 296640 nonzeros
Coefficient statistics:
  Matrix range    [1e+00, 1e+00]
  Objective range [1e+00, 1e+01]
  Bounds range    [1e+00, 1e+00]
  RHS range       [1e+00, 3e+00]
Found heuristic solution: objective 1333
Presolve removed 60130 rows and 17000 columns
Presolve time: 0.54s
Presolved: 2759 rows, 81880 columns, 203360 nonzeros
Variable types: 0 continuous, 81880 integer (81880 binary)

Root relaxation: objective 1.154000e+03, 907 iterations, 0.20 seconds

    Nodes    |    Current Node    |     Objective Bounds      |     Work
 Expl Unexpl |  Obj  Depth IntInf | Incumbent    BestBd   Gap | It/Node Time

*    0     0               0    1154.0000000 1154.00000  0.00%     -    0s

Explored 0 nodes (907 simplex iterations) in 0.85 seconds
Thread count was 4 (of 4 available processors)

Optimal solution found (tolerance 1.00e-04)
Best objective 1.154000000000e+03, best bound 1.154000000000e+03, gap 0.0%

Gurobi 6.5.2 (mac64) logging started Sat Nov 12 11:32:42 2016

Optimize a model with 63446 rows, 98880 columns and 296640 nonzeros
Coefficient statistics:
  Matrix range    [1e+00, 1e+00]
  Objective range [1e+00, 1e+01]
  Bounds range    [1e+00, 1e+00]
  RHS range       [1e+00, 3e+00]
Presolve time: 0.04s

Explored 0 nodes (0 simplex iterations) in 0.12 seconds
Thread count was 1 (of 4 available processors)

Model is infeasible
Best objective -, best bound -, gap -

Gurobi 6.5.2 (mac64) logging started Sat Nov 12 11:37:49 2016

Optimize a model with 102489 rows, 98880 columns and 296640 nonzeros
Coefficient statistics:
  Matrix range    [1e+00, 1e+00]
  Objective range [1e+00, 1e+01]
  Bounds range    [1e+00, 1e+00]
  RHS range       [1e+00, 6e+00]
Found heuristic solution: objective 1333
Presolve removed 99730 rows and 17000 columns
Presolve time: 0.58s
Presolved: 2759 rows, 81880 columns, 203360 nonzeros
Variable types: 0 continuous, 81880 integer (81880 binary)

Root relaxation: objective 1.154000e+03, 907 iterations, 0.21 seconds

    Nodes    |    Current Node    |     Objective Bounds      |     Work
 Expl Unexpl |  Obj  Depth IntInf | Incumbent    BestBd   Gap | It/Node Time

*    0     0               0    1154.0000000 1154.00000  0.00%     -    0s

Explored 0 nodes (907 simplex iterations) in 0.92 seconds
Thread count was 4 (of 4 available processors)

Optimal solution found (tolerance 1.00e-04)
Best objective 1.154000000000e+03, best bound 1.154000000000e+03, gap 0.0%

Gurobi 6.5.2 (mac64) logging started Sat Nov 12 12:07:49 2016

Optimize a model with 62889 rows, 98880 columns and 296640 nonzeros
Model has 557 quadratic constraints
Coefficient statistics:
  Matrix range    [1e+00, 1e+00]
  Objective range [1e+00, 1e+01]
  Bounds range    [1e+00, 1e+00]
  RHS range       [1e+00, 3e+00]
Presolve removed 60130 rows and 17000 columns
Presolve time: 0.67s
Presolved: 189819 rows, 175140 columns, 856180 nonzeros
Variable types: 0 continuous, 175140 integer (175140 binary)

Root simplex log...

Iteration    Objective       Primal Inf.    Dual Inf.      Time
   40646    1.1720002e+03   1.424000e+03   0.000000e+00      6s
   75317    1.3800002e+03   1.717500e+02   0.000000e+00     11s
   91671    1.4610002e+03   1.215000e+02   0.000000e+00     15s
   97364    1.5400000e+03   0.000000e+00   0.000000e+00     18s

Root relaxation: objective 1.540000e+03, 97364 iterations, 16.54 seconds
Total elapsed time = 24.25s
Total elapsed time = 30.10s
Total elapsed time = 39.53s

    Nodes    |    Current Node    |     Objective Bounds      |     Work
 Expl Unexpl |  Obj  Depth IntInf | Incumbent    BestBd   Gap | It/Node Time

     0     0 1540.00000    0  530          - 1540.00000      -     -   44s
     0     0 1540.00000    0  600          - 1540.00000      -     -   85s

Cutting planes:
  Gomory: 55
  Cover: 415
  Clique: 1154

Explored 0 nodes (565049 simplex iterations) in 119.22 seconds
Thread count was 4 (of 4 available processors)

Model is infeasible
Best objective -, best bound -, gap -

Gurobi 6.5.2 (mac64) logging started Sat Nov 12 12:10:52 2016

Optimize a model with 62889 rows, 98880 columns and 296640 nonzeros
Model has 557 quadratic constraints
Coefficient statistics:
  Matrix range    [1e+00, 1e+00]
  Objective range [1e+00, 1e+01]
  Bounds range    [1e+00, 1e+00]
  RHS range       [1e+00, 3e+00]
Presolve removed 60130 rows and 18180 columns
Presolve time: 0.63s
Presolved: 189819 rows, 173960 columns, 852640 nonzeros
Variable types: 0 continuous, 173960 integer (173960 binary)

Root simplex log...

Iteration    Objective       Primal Inf.    Dual Inf.      Time
   44081    1.0235003e+03   6.800000e+02   0.000000e+00      5s
   83705    1.3530002e+03   1.991000e+03   0.000000e+00     10s
   97060    1.5400001e+03   1.351500e+03   0.000000e+00     15s
   97355    1.5400000e+03   0.000000e+00   0.000000e+00     15s

Root relaxation: objective 1.540000e+03, 97355 iterations, 14.03 seconds
Total elapsed time = 23.31s
Total elapsed time = 28.44s
Total elapsed time = 33.57s

    Nodes    |    Current Node    |     Objective Bounds      |     Work
 Expl Unexpl |  Obj  Depth IntInf | Incumbent    BestBd   Gap | It/Node Time

     0     0 1540.00000    0  608          - 1540.00000      -     -   36s
     0     0 1540.00000    0  571          - 1540.00000      -     -   75s

Cutting planes:
  Gomory: 32
  Cover: 438
  Clique: 1111

Explored 0 nodes (507844 simplex iterations) in 109.46 seconds
Thread count was 4 (of 4 available processors)

Model is infeasible
Best objective -, best bound -, gap -

Gurobi 6.5.2 (mac64) logging started Sat Nov 12 12:13:08 2016

Optimize a model with 3609 rows, 98880 columns and 237360 nonzeros
Model has 557 quadratic constraints
Coefficient statistics:
  Matrix range    [1e+00, 1e+00]
  Objective range [1e+00, 1e+01]
  Bounds range    [1e+00, 1e+00]
  RHS range       [1e+00, 3e+00]
Presolve time: 0.68s
Presolved: 271526 rows, 232560 columns, 1173120 nonzeros
Variable types: 0 continuous, 232560 integer (232560 binary)

Root simplex log...

Iteration    Objective       Primal Inf.    Dual Inf.      Time
   28515    1.1540001e+03   2.984500e+03   0.000000e+00      5s
   60335    1.1540002e+03   4.595000e+02   0.000000e+00     10s
   92155    1.1540003e+03   2.260000e+02   0.000000e+00     15s
  117436    1.4640001e+03   8.400000e+01   0.000000e+00     20s
  129637    1.4640001e+03   7.150000e+01   0.000000e+00     25s
  136657    1.5460000e+03   0.000000e+00   0.000000e+00     29s

Root relaxation: objective 1.546000e+03, 136657 iterations, 27.30 seconds
Total elapsed time = 37.93s
Total elapsed time = 46.85s
Total elapsed time = 54.68s
Total elapsed time = 62.58s

    Nodes    |    Current Node    |     Objective Bounds      |     Work
 Expl Unexpl |  Obj  Depth IntInf | Incumbent    BestBd   Gap | It/Node Time

     0     0 1546.00000    0  538          - 1546.00000      -     -   70s
H    0     0                    3013.0000000 1546.00000  48.7%     -   92s
H    0     0                    2799.0000000 1546.00000  44.8%     -   93s
H    0     0                    2781.0000000 1546.00000  44.4%     -   94s
     0     0 1546.00000    0 1138 2781.00000 1546.00000  44.4%     -  101s
     0     0 1546.00000    0 1148 2781.00000 1546.00000  44.4%     -  147s
     0     0 1546.00000    0 1336 2781.00000 1546.00000  44.4%     -  157s
H    0     0                    2777.0000000 1546.00000  44.3%     -  197s
     0     0 1546.00000    0 1283 2777.00000 1546.00000  44.3%     -  198s
     0     0 1546.00000    0  772 2777.00000 1546.00000  44.3%     -  253s
H    0     0                    2735.0000000 1546.00000  43.5%     -  276s
     0     0 1546.00000    0  790 2735.00000 1546.00000  43.5%     -  277s
     0     0 1546.00000    0  599 2735.00000 1546.00000  43.5%     -  330s
     0     0 1546.00000    0  656 2735.00000 1546.00000  43.5%     -  352s
     0     0 1546.00000    0  653 2735.00000 1546.00000  43.5%     -  391s
     0     0 1546.00000    0  524 2735.00000 1546.00000  43.5%     -  452s
H    0     0                    2728.0000000 1546.00000  43.3%     -  456s
H    0     0                    2714.0000000 1546.00000  43.0%     -  483s
H    0     2                    2695.0000000 1546.00000  42.6%     -  620s
     0     2 1546.00000    0  482 2695.00000 1546.00000  42.6%     -  620s
     5     4 1546.00000    4  520 2695.00000 1546.00000  42.6% 52849  625s
     8     8 1546.00000    6  567 2695.00000 1546.00000  42.6% 33354  630s
    10    10 1548.76923    7  897 2695.00000 1546.00000  42.6% 27065  639s
    12    12 1546.00000    7  587 2695.00000 1546.00000  42.6% 22806  640s
    26    25 1555.00000   13  590 2695.00000 1546.00000  42.6% 10559  647s
    28    29 1605.00000   13  584 2695.00000 1546.00000  42.6%  9984  653s
    30    27 1555.00000   14  590 2695.00000 1546.00000  42.6%  9320  655s
    42    41 1558.00000   20  586 2695.00000 1546.00000  42.6%  6728  660s
    54    53 1558.00000   26  606 2695.00000 1546.00000  42.6%  5257  667s
    58    57 1558.00000   28  606 2695.00000 1546.00000  42.6%  4904  673s
    60    59 1558.00000   29  606 2695.00000 1546.00000  42.6%  4747  675s
    64    63 1558.00000   31  610 2695.00000 1546.00000  42.6%  4452  691s
    71    69 1558.00000   33  620 2695.00000 1546.00000  42.6%  4029  696s
    83    82 1558.00000   39  612 2695.00000 1546.00000  42.6%  3452  702s
    89    88 1558.00000   42  610 2695.00000 1546.00000  42.6%  3220  708s
    91    91 1558.00000   43  610 2695.00000 1546.00000  42.6%  3150  711s
   103   102 1566.00000   48  638 2695.00000 1546.00000  42.6%  2793  717s
   109   108 1566.00000   51  632 2695.00000 1546.00000  42.6%  2641  720s
   115   113 1566.00000   54  638 2695.00000 1546.00000  42.6%  2509  730s
H  120   116                    2685.0000000 1546.00000  42.4%  2415  730s
   121   120 1628.00000   56  643 2685.00000 1546.00000  42.4%  2405  736s
   127   127 1580.00000   59  715 2685.00000 1546.00000  42.4%  2310  740s
   142   142 1582.00000   65  638 2685.00000 1546.00000  42.4%  2073  747s
   150   148 1599.00000   68  644 2685.00000 1546.00000  42.4%  1967  757s
H  151   150                    2668.0000000 1546.00000  42.1%  1954  757s
   152   151 1599.00000   69  644 2668.00000 1546.00000  42.1%  1942  760s
   167   166 1599.00000   76  638 2668.00000 1546.00000  42.1%  1772  766s
   175   174 1599.00000   80  654 2668.00000 1546.00000  42.1%  1696  780s
   192   191 1605.00000   88  650 2668.00000 1546.00000  42.1%  1549  789s
   201   200 1599.00000   91  664 2668.00000 1546.00000  42.1%  1488  793s
H  210   209                    2656.0000000 1546.00000  41.8%  1426  807s
H  211   210                    2647.0000000 1546.00000  41.6%  1420  807s
   212   211 1599.00000   96  664 2647.00000 1546.00000  41.6%  1413  811s
   233   232 1599.00000  106  674 2647.00000 1546.00000  41.6%  1288  818s
H  243   240                    2641.0000000 1546.00000  41.5%  1242  834s
H  244   241                    2639.0000000 1546.00000  41.4%  1237  834s
   245   242 1647.00000  111  658 2639.00000 1546.00000  41.4%  1232  838s
   256   253 1643.00000  116  660 2639.00000 1546.00000  41.4%  1182  843s
   268   265 1643.00000  122  660 2639.00000 1546.00000  41.4%  1130  863s
H  271   265                    2633.0000000 1546.00000  41.3%  1117  863s
   276   273 1649.00000  126  658 2633.00000 1546.00000  41.3%  1098  868s
   290   287 1658.00000  133  660 2633.00000 1546.00000  41.3%  1046  873s
H  304   301                    2630.0000000 1546.00000  41.2%   999  896s
H  305   302                    2629.0000000 1546.00000  41.2%   996  896s
   306   303 1658.00000  141  664 2629.00000 1546.00000  41.2%   993  902s
   322   319 1658.00000  149  666 2629.00000 1546.00000  41.2%   944  907s
   338   335 1658.00000  157  664 2629.00000 1546.00000  41.2%   900  938s
H  339   336                    2623.0000000 1546.00000  41.1%   898  938s
   340   337 1658.00000  158  662 2623.00000 1546.00000  41.1%   895  943s
   358   355 1658.00000  167  662 2623.00000 1546.00000  41.1%   851 1002s
H  366   355                    2619.0000000 1546.00000  41.0%   833 1002s
H  375   364                    2601.0000000 1546.00000  40.6%   814 1002s
   376   374 1658.00000  176  662 2601.00000 1546.00000  40.6%   811 1010s
   395   391 1658.00000  186  668 2601.00000 1546.00000  40.6%   777 1053s
H  402   391                    2599.0000000 1546.00000  40.5%   764 1053s
H  410   399                    2594.0000000 1546.00000  40.4%   750 1053s
   411   408 1658.00000  194  668 2594.00000 1546.00000  40.4%   748 1062s
   433   430 1671.00000  202  650 2594.00000 1546.00000  40.4%   714 1069s
   458   455 1671.00000  214  660 2594.00000 1546.00000  40.4%   677 1076s
   484   481 1671.00000  227  658 2594.00000 1546.00000  40.4%   642 1084s
   511   508 1680.00000  241  666 2594.00000 1546.00000  40.4%   610 1092s
   536   533 1680.00000  251  678 2594.00000 1546.00000  40.4%   584 1101s
   561   558 1689.00000  263  674 2594.00000 1546.00000  40.4%   562 1109s
   588   585 1689.00000  276  676 2594.00000 1546.00000  40.4%   538 1119s
   617   614 1689.00000  290  678 2594.00000 1546.00000  40.4%   513 1129s

Gurobi 6.5.2 (mac64) logging started Sat Nov 12 12:32:43 2016

Optimize a model with 59925 rows, 98880 columns and 237360 nonzeros
Model has 557 quadratic constraints
Coefficient statistics:
  Matrix range    [1e+00, 1e+00]
  Objective range [1e+00, 1e+01]
  Bounds range    [1e+00, 1e+00]
  RHS range       [1e+00, 3e+00]
Presolve removed 59280 rows and 17000 columns
Presolve time: 0.55s
Presolved: 187705 rows, 175140 columns, 813900 nonzeros
Variable types: 0 continuous, 175140 integer (175140 binary)

Root simplex log...

Iteration    Objective       Primal Inf.    Dual Inf.      Time
   43058    1.0140003e+03   4.194500e+03   0.000000e+00      5s
   82370    1.3770002e+03   9.185000e+02   0.000000e+00     10s
   94686    1.5400000e+03   0.000000e+00   0.000000e+00     14s

Root relaxation: objective 1.540000e+03, 94686 iterations, 12.60 seconds
Total elapsed time = 19.21s
Total elapsed time = 24.47s
Total elapsed time = 29.59s
Total elapsed time = 33.56s

    Nodes    |    Current Node    |     Objective Bounds      |     Work
 Expl Unexpl |  Obj  Depth IntInf | Incumbent    BestBd   Gap | It/Node Time

     0     0 1540.00000    0  516          - 1540.00000      -     -   37s
     0     0 1540.00000    0  585          - 1540.00000      -     -   76s

Cutting planes:
  Gomory: 45
  Cover: 371
  Clique: 891

Explored 0 nodes (542831 simplex iterations) in 113.79 seconds
Thread count was 4 (of 4 available processors)

Model is infeasible
Best objective -, best bound -, gap -

Gurobi 6.5.2 (mac64) logging started Sat Nov 12 13:27:31 2016

Optimize a model with 62889 rows, 98880 columns and 296640 nonzeros
Model has 557 quadratic constraints
Coefficient statistics:
  Matrix range    [1e+00, 1e+00]
  Objective range [1e+00, 1e+01]
  Bounds range    [1e+00, 1e+00]
  RHS range       [1e+00, 3e+00]
Found heuristic solution: objective 989
Presolve removed 60130 rows and 17000 columns
Presolve time: 0.85s
Presolved: 189836 rows, 175140 columns, 989860 nonzeros
Variable types: 0 continuous, 175140 integer (175140 binary)

Explored 0 nodes (0 simplex iterations) in 1.20 seconds
Thread count was 4 (of 4 available processors)

Optimal solution found (tolerance 1.00e-04)
Best objective 9.890000000000e+02, best bound 9.890000000000e+02, gap 0.0%

Gurobi 6.5.2 (mac64) logging started Sat Nov 12 13:33:10 2016

Optimize a model with 62889 rows, 98880 columns and 296640 nonzeros
Model has 557 quadratic constraints
Coefficient statistics:
  Matrix range    [1e+00, 1e+00]
  Objective range [1e+00, 1e+01]
  Bounds range    [1e+00, 1e+00]
  RHS range       [1e+00, 3e+00]
Found heuristic solution: objective 989
Presolve removed 60130 rows and 17000 columns
Presolve time: 0.60s
Presolved: 189836 rows, 175140 columns, 989860 nonzeros
Variable types: 0 continuous, 175140 integer (175140 binary)

Root simplex log...

Iteration    Objective       Primal Inf.    Dual Inf.      Time
   47199    9.8902006e+02   2.540000e+03   0.000000e+00      5s
   66032    9.8902031e+02   0.000000e+00   0.000000e+00     10s

Root relaxation: cutoff, 66032 iterations, 9.69 seconds

    Nodes    |    Current Node    |     Objective Bounds      |     Work
 Expl Unexpl |  Obj  Depth IntInf | Incumbent    BestBd   Gap | It/Node Time

     0     0     cutoff    0       989.00000  988.00099  0.10%     -   10s

Explored 0 nodes (66032 simplex iterations) in 10.57 seconds
Thread count was 4 (of 4 available processors)

Optimal solution found (tolerance 1.00e-04)
Best objective 9.890000000000e+02, best bound 9.890000000000e+02, gap 0.0%

Gurobi 6.5.2 (mac64) logging started Sat Nov 12 13:34:00 2016

Optimize a model with 62889 rows, 98880 columns and 296640 nonzeros
Model has 557 quadratic constraints
Coefficient statistics:
  Matrix range    [1e+00, 1e+00]
  Objective range [1e+00, 1e+01]
  Bounds range    [1e+00, 1e+00]
  RHS range       [1e+00, 3e+00]
Found heuristic solution: objective 989
Presolve removed 60130 rows and 17000 columns
Presolve time: 0.63s
Presolved: 189836 rows, 175140 columns, 989860 nonzeros
Variable types: 0 continuous, 175140 integer (175140 binary)

Root simplex log...

Iteration    Objective       Primal Inf.    Dual Inf.      Time
   51647   -2.3397996e+02   1.428000e+03   0.000000e+00      6s
   81365   -1.1497985e+02   2.506667e+02   0.000000e+00     11s
   91851    2.1520073e+01   2.828750e+02   0.000000e+00     15s
   92050    2.1500000e+01   0.000000e+00   0.000000e+00     15s

Root relaxation: objective 2.150000e+01, 92050 iterations, 14.57 seconds
Total elapsed time = 20.50s
Total elapsed time = 28.77s
Total elapsed time = 32.83s

    Nodes    |    Current Node    |     Objective Bounds      |     Work
 Expl Unexpl |  Obj  Depth IntInf | Incumbent    BestBd   Gap | It/Node Time

     0     0   21.50000    0  524  989.00000   21.50000  97.8%     -   36s
H    0     0                     960.0000000   21.50000  97.8%     -   46s
H    0     0                     936.0000000   21.50000  97.7%     -   48s
     0     0   21.50000    0  561  936.00000   21.50000  97.7%     -   75s
H    0     0                     837.0000000   21.50000  97.4%     -  117s
     0     0  199.75000    0 4041  837.00000  199.75000  76.1%     -  158s
H    0     0                     665.0000000  199.75000  70.0%     -  198s
     0     0  200.29167    0 4492  665.00000  200.29167  69.9%     -  213s
     0     0  200.29167    0 4453  665.00000  200.29167  69.9%     -  214s
     0     0  202.05960    0 4770  665.00000  202.05960  69.6%     -  230s
     0     0  202.09470    0 4971  665.00000  202.09470  69.6%     -  234s
     0     0  202.75928    0 5814  665.00000  202.75928  69.5%     -  241s
     0     0  202.87148    0 5833  665.00000  202.87148  69.5%     -  243s
     0     0  203.28342    0 5718  665.00000  203.28342  69.4%     -  249s
     0     0  203.32265    0 5945  665.00000  203.32265  69.4%     -  250s
     0     0  203.53188    0 5726  665.00000  203.53188  69.4%     -  255s
     0     0  203.58302    0 5734  665.00000  203.58302  69.4%     -  258s
     0     0  203.82900    0 6067  665.00000  203.82900  69.3%     -  262s
     0     0  203.84932    0 6054  665.00000  203.84932  69.3%     -  263s
     0     0  203.95185    0 6185  665.00000  203.95185  69.3%     -  266s
     0     0  203.96117    0 6256  665.00000  203.96117  69.3%     -  267s
     0     0  203.97845    0 6114  665.00000  203.97845  69.3%     -  269s
     0     0  203.98099    0 6470  665.00000  203.98099  69.3%     -  270s
     0     0  203.98929    0 6078  665.00000  203.98929  69.3%     -  272s
     0     0  203.99167    0 6315  665.00000  203.99167  69.3%     -  273s
     0     0  204.01012    0 6024  665.00000  204.01012  69.3%     -  275s
     0     0  204.01054    0 6065  665.00000  204.01054  69.3%     -  276s
     0     0  204.02362    0 6289  665.00000  204.02362  69.3%     -  277s
     0     0  204.02363    0 6400  665.00000  204.02363  69.3%     -  278s
     0     0  204.03223    0 6259  665.00000  204.03223  69.3%     -  279s
     0     0  204.03238    0 6222  665.00000  204.03238  69.3%     -  280s
     0     0  204.04668    0 6372  665.00000  204.04668  69.3%     -  282s
     0     0  204.04740    0 6297  665.00000  204.04740  69.3%     -  282s
     0     0  204.04740    0 6391  665.00000  204.04740  69.3%     -  283s
     0     0  204.04740    0 6399  665.00000  204.04740  69.3%     -  284s
     0     0  204.07364    0 5954  665.00000  204.07364  69.3%     -  305s
     0     0  204.07385    0 6150  665.00000  204.07385  69.3%     -  307s
     0     0  204.07385    0 6223  665.00000  204.07385  69.3%     -  309s
     0     0  204.07396    0 6282  665.00000  204.07396  69.3%     -  309s
     0     0  204.07420    0 6208  665.00000  204.07420  69.3%     -  323s
     0     0  204.07420    0 6076  665.00000  204.07420  69.3%     -  343s
     0     2  204.07420    0 5928  665.00000  204.07420  69.3%     -  450s
     1     3  204.40931    1 5509  665.00000  204.40931  69.3%  4512  457s
     2     4  206.60084    1 5930  665.00000  204.41370  69.3%  3304  464s
     3     5  216.32023    2 5338  665.00000  204.53160  69.2%  2514  466s
     4     6  212.46187    2 5821  665.00000  206.68395  68.9%  2388  470s
     7     7  212.86718    4 5146  665.00000  206.68395  68.9%  1786  477s
     8    11  214.43948    4 5366  665.00000  206.68395  68.9%  2519  493s
    10    11  214.74997    5 5534  665.00000  206.77644  68.9%  2581  503s
    12    13  215.43826    6 5321  665.00000  206.77644  68.9%  2590  514s
    14    19  215.81120    6 5070  665.00000  206.77644  68.9%  2723  525s
    20    21  218.37481    7 5126  665.00000  206.77644  68.9%  2027  651s
H   27    21                     612.0000000  206.77644  66.2%  1523  651s
    30    32  218.27175   12 5135  612.00000  206.77644  66.2%  1602  658s
    34    34  218.84090   14 5199  612.00000  206.77644  66.2%  1612  673s
    37    37  221.96954   15 5472  612.00000  206.77644  66.2%  1738  680s
    40    40  219.18365   16 5220  612.00000  206.77644  66.2%  1690  694s
    46    49  231.47707   19 5138  612.00000  206.77644  66.2%  1803  707s
    48    50  222.62415   20 5351  612.00000  206.77644  66.2%  1818  720s
    55    55  224.10372   22 5536  612.00000  206.77644  66.2%  1750  728s
    64    62  224.10984   26 5228  612.00000  206.77644  66.2%  1588  734s
    75    77  224.52933   32 5420  612.00000  206.77644  66.2%  1456  744s
    78    81  225.93645   33 5347  612.00000  206.77644  66.2%  1474  757s
    81    82  225.93716   34 5389  612.00000  206.77644  66.2%  1490  766s
    87    86  227.02791   36 5026  612.00000  206.77644  66.2%  1466  778s
    90    93  245.79795   37 4572  612.00000  206.77644  66.2%  1660  805s
H   92    91                     603.0000000  206.77644  65.7%  1674  893s
H   93    93                     597.0000000  206.77644  65.4%  1666  893s
    94    97  234.04224   38 5013  597.00000  206.77644  65.4%  1795  909s
    97    99  244.84796   39 4294  597.00000  206.77644  65.4%  1894  921s
    99    98  235.60762   40 5031  597.00000  206.77644  65.4%  1920  936s
   105   105  239.78193   43 5274  597.00000  206.77644  65.4%  1942  946s
   110   110  240.75562   45 5081  597.00000  206.77644  65.4%  1923  958s
   119   123  241.20621   49 5307  597.00000  206.77644  65.4%  1860  979s
   126   127  244.65305   50 4837  597.00000  206.77644  65.4%  1895  999s
   135   136  245.23367   51 5191  597.00000  206.77644  65.4%  1861 1013s
   143   146  245.26942   54 5113  597.00000  206.77644  65.4%  1809 1029s
   144   146  246.01484   55 5106  597.00000  206.77644  65.4%  1804 1030s
   151   151  248.60860   57 4952  597.00000  206.77644  65.4%  1805 1047s
   158   159  249.01484   59 5149  597.00000  206.77644  65.4%  1790 1065s
   166   165  248.86393   62 4909  597.00000  206.77644  65.4%  1771 1079s
   177   177  253.59243   64 4849  597.00000  206.77644  65.4%  1724 1107s
   188   190  263.39717   68 4853  597.00000  206.77644  65.4%  1737 1133s
   195   198  260.94426   69 4693  597.00000  206.77644  65.4%  1754 1151s
   200   199  264.78704   71 4740  597.00000  206.77644  65.4%  1777 1177s
H  206   209                     593.0000000  206.77644  65.1%  1820 1270s
   208   208  269.11850   76 4462  593.00000  206.77644  65.1%  1861 1293s
   215   214  275.33270   80 4765  593.00000  206.77644  65.1%  1915 1312s
   222   225  275.01686   84 5016  593.00000  206.77644  65.1%  1913 1347s
   228   229  283.40663   86 5024  593.00000  206.77644  65.1%  2000 1374s
   233   235  316.17541   87 4187  593.00000  206.77644  65.1%  2112 1400s
   236   236  310.47032   88 4198  593.00000  206.77644  65.1%  2154 1426s
   244   245  324.55536   92 4104  593.00000  206.77644  65.1%  2205 1452s
   254   253  332.79798   99 4076  593.00000  206.77644  65.1%  2234 1474s
   284   286  346.21721  119 4113  593.00000  206.77644  65.1%  2080 1495s
   304   305  357.40550  131 4078  593.00000  206.77644  65.1%  2010 1525s
H  306   307                     587.0000000  206.77644  64.8%  1998 1525s
   307   308  360.58292  132 3719  587.00000  206.77644  64.8%  2019 1550s
   326   329  377.57374  142 3683  587.00000  206.77644  64.8%  1995 1575s
   343   346  389.41802  146 3481  587.00000  206.77644  64.8%  1988 1603s
H  355   359                     584.0000000  206.77644  64.6%  2041 1632s
H  363   366                     582.0000000  206.77644  64.5%  2057 1632s
   366   364  438.65485  155 2456  582.00000  206.77644  64.5%  2099 1656s
   394   395  451.92697  171 2435  582.00000  206.77644  64.5%  2017 1692s
   409   408  456.00539  180 2291  582.00000  206.77644  64.5%  2015 1717s
H  432   408                     580.0000000  206.77644  64.3%  1925 1717s
   451   451  468.40545  206 2119  580.00000  206.77644  64.3%  1894 1740s
   484   489  473.14274  226 2051  580.00000  206.77644  64.3%  1820 1765s
   513   511  503.53803  240 1068  580.00000  206.77644  64.3%  1810 1791s
   555   557  526.44565  263  667  580.00000  206.77644  64.3%  1764 1824s
H  571   557                     578.0000000  206.77644  64.2%  1726 1824s
   608   602  564.59135  296  414  578.00000  212.86718  63.2%  1648 1886s
   676   644  248.90848    3 4836  578.00000  212.86718  63.2%  1604 1933s
   688   659  249.25791    4 5166  578.00000  212.86718  63.2%  1617 1968s
   711   678  264.16617    7 4063  578.00000  212.86718  63.2%  1622 2000s
   740   708  268.27766    9 3900  578.00000  212.86718  63.2%  1603 2037s
   760   729  278.20955   11 3852  578.00000  212.86718  63.2%  1604 2071s
   803   769  296.58293   16 3827  578.00000  212.86718  63.2%  1572 2102s
   841   805  308.50000   19 3339  578.00000  212.86718  63.2%  1545 2139s
   909   869  346.79167   26 2285  578.00000  212.86718  63.2%  1467 2172s
   994   944  335.83336   76  561  578.00000  212.86718  63.2%  1377 2257s
   996   945  221.96644   18 4214  578.00000  212.86718  63.2%  1374 2345s
   997   946  550.68204  275 5103  578.00000  212.86718  63.2%  1373 2368s
   998   947  251.45855    6 5468  578.00000  212.86718  63.2%  1372 2405s
   999   947  409.59984  112 4813  578.00000  216.53148  62.5%  1370 2432s
  1000   948  525.91943  231 4880  578.00000  218.81495  62.1%  1369 2463s
  1001   949  368.42388   86 4309  578.00000  226.45687  60.8%  1368 2492s
  1002   949  449.95191  145 4257  578.00000  232.14603  59.8%  1366 2535s
  1003   950  451.58623  168 4142  578.00000  250.82204  56.6%  1365 2573s
  1004   951  449.58641  164 4033  578.00000  256.94366  55.5%  1363 2618s
  1005   951  447.73414  164 4080  578.00000  260.98453  54.8%  1362 2640s
  1006   952  435.50637  161 4730  578.00000  263.09122  54.5%  1361 2689s
  1007   953  454.93103  175 4942  578.00000  270.36255  53.2%  1359 2724s
  1008   953  271.85476    6 5127  578.00000  271.85476  53.0%  1358 2773s
  1009   954  496.20732  203 5238  578.00000  277.52395  52.0%  1357 2809s
  1010   955  491.00794  236 5952  578.00000  280.41603  51.5%  1355 2873s
  1011   955  479.76033  175 5511  578.00000  284.16104  50.8%  1354 2909s
  1012   956  314.83160   61 6390  578.00000  286.08297  50.5%  1353 2978s
  1013   957  573.26561  304 6100  578.00000  289.33103  49.9%  1351 3024s
  1014   957  335.83336   76 6488  578.00000  291.27053  49.6%  1350 3102s
H 1014   908                     571.0000000  294.36666  48.4%  1350 3279s
  1015   909  536.44526  236 6623  571.00000  294.36666  48.4%  1349 3280s
  1016   910  298.28732   18 6586  571.00000  298.28732  47.8%  1347 3369s
  1017   910  550.68204  275 6752  571.00000  303.19509  46.9%  1346 3424s
  1018   911  304.66956    6 6803  571.00000  304.66956  46.6%  1345 3492s
  1019   912  409.59984  112 7382  571.00000  307.36715  46.2%  1343 3544s
  1020   912  525.91943  231 7518  571.00000  308.31844  46.0%  1342 3620s
  1021   913  368.42388   86 7395  571.00000  314.48383  44.9%  1341 3689s
  1022   914  449.95191  145 7381  571.00000  315.83422  44.7%  1339 3776s
  1023   914  451.58623  168 6673  571.00000  318.50151  44.2%  1338 3855s
  1024   915  449.58641  164 7497  571.00000  319.32254  44.1%  1337 3947s
  1025   916  447.73414  164 7164  571.00000  321.53902  43.7%  1336 4044s
  1026   916  435.50637  161 7318  571.00000  322.01645  43.6%  1334 4102s
  1027   917  454.93103  175 7062  571.00000  324.93907  43.1%  1333 4211s
  1028   918  325.19159    6 6997  571.00000  325.19159  43.0%  1332 4275s
  1029   918  496.20732  203 7228  571.00000  325.77507  42.9%  1330 4351s
  1030   919  491.00794  236 7349  571.00000  326.27510  42.9%  1329 4439s
  1031   920  479.76033  175 7527  571.00000  326.95801  42.7%  1328 4515s
  1032   920  327.12866   61 9482  571.00000  327.12866  42.7%  1326 4600s
  1033   921  571.00000  304 8682  571.00000  327.61448  42.6%  1325 4658s
  1034   922  335.83336   76 8013  571.00000  327.86529  42.6%  1324 4750s
  1035   922  536.44526  236 8660  571.00000  328.72006  42.4%  1323 4845s
  1036   923  329.24328   18 8604  571.00000  329.24328  42.3%  1321 4938s
  1037   924  550.68204  275 8583  571.00000  330.90839  42.0%  1320 5031s
  1038   924  331.37893    6 9027  571.00000  331.37893  42.0%  1319 5133s
  1039   925  409.59984  112 8629  571.00000  331.95093  41.9%  1318 5228s
  1040   926  525.91943  231 9430  571.00000  332.07266  41.8%  1316 5320s
  1041   926  368.42388   86 9507  571.00000  332.40714  41.8%  1315 5382s
  1042   927  449.95191  145 9171  571.00000  332.55858  41.8%  1314 5464s
  1043   928  451.58623  168 9095  571.00000  333.35989  41.6%  1312 5572s
  1044   928  449.58641  164 9676  571.00000  333.53545  41.6%  1311 5661s
  1045   929  447.73414  164 9340  571.00000  334.22325  41.5%  1310 5758s
  1046   930  435.50637  161 9996  571.00000  334.33456  41.4%  1309 5848s
  1047   930  454.93103  175 9907  571.00000  334.53758  41.4%  1307 5925s
  1048   931  334.59932    6 10374  571.00000  334.59932  41.4%  1306 6022s
  1049   932  496.20732  203 10281  571.00000  334.69884  41.4%  1305 6095s
  1050   932  491.00794  236 9833  571.00000  334.80520  41.4%  1304 6197s
  1051   933  479.76033  175 9724  571.00000  334.91232  41.3%  1302 6251s
  1052   934  334.99911   61 10534  571.00000  334.99911  41.3%  1301 6362s
H 1052   887                     567.0000000  335.07927  40.9%  1301 6553s
  1054   888  335.83336   76 10337  567.00000  335.09968  40.9%  1299 6642s
  1055   889  536.44526  236 10168  567.00000  335.26080  40.9%  1298 6732s
  1056   889  335.31168   18 10359  567.00000  335.31168  40.9%  1296 6849s

Gurobi 6.5.2 (mac64) logging started Sat Nov 12 15:29:12 2016

Optimize a model with 62889 rows, 98880 columns and 296640 nonzeros
Model has 557 quadratic constraints
Coefficient statistics:
  Matrix range    [1e+00, 1e+00]
  Objective range [1e+00, 1e+01]
  Bounds range    [1e+00, 1e+00]
  RHS range       [1e+00, 3e+00]
Found heuristic solution: objective 989

Explored 0 nodes (0 simplex iterations) in 0.02 seconds
Thread count was 1 (of 4 available processors)

Solution limit reached
Best objective 9.890000000000e+02, best bound -, gap -

Gurobi 6.5.2 (mac64) logging started Sat Nov 12 15:31:01 2016

Optimize a model with 62889 rows, 98880 columns and 296640 nonzeros
Model has 557 quadratic constraints
Coefficient statistics:
  Matrix range    [1e+00, 1e+00]
  Objective range [1e+00, 1e+01]
  Bounds range    [1e+00, 1e+00]
  RHS range       [1e+00, 3e+00]
Found heuristic solution: objective 989
Presolve removed 60130 rows and 17000 columns
Presolve time: 0.62s
Presolved: 189836 rows, 175140 columns, 989860 nonzeros
Variable types: 0 continuous, 175140 integer (175140 binary)

Root simplex log...

Iteration    Objective       Primal Inf.    Dual Inf.      Time
   46694   -2.3398000e+02   2.350500e+03   0.000000e+00      5s
   76412   -1.2097986e+02   1.606667e+02   0.000000e+00     10s
   91500    2.1520069e+01   1.447625e+03   0.000000e+00     15s
   92050    2.1500000e+01   0.000000e+00   0.000000e+00     16s

Root relaxation: objective 2.150000e+01, 92050 iterations, 14.94 seconds
Total elapsed time = 20.93s
Total elapsed time = 29.33s
Total elapsed time = 33.52s

    Nodes    |    Current Node    |     Objective Bounds      |     Work
 Expl Unexpl |  Obj  Depth IntInf | Incumbent    BestBd   Gap | It/Node Time

     0     0   21.50000    0  524  989.00000   21.50000  97.8%     -   37s
H    0     0                     960.0000000   21.50000  97.8%     -   47s
H    0     0                     936.0000000   21.50000  97.7%     -   48s
     0     0   21.50000    0  749  936.00000   21.50000  97.7%     -   60s

Cutting planes:
  Gomory: 31
  Cover: 393
  Clique: 1701
  MIR: 1
  Zero half: 1

Explored 0 nodes (392433 simplex iterations) in 60.19 seconds
Thread count was 4 (of 4 available processors)

Time limit reached
Best objective 9.360000000000e+02, best bound 2.200000000000e+01, gap 97.6496%

Gurobi 6.5.2 (mac64) logging started Sat Nov 12 15:32:57 2016

Optimize a model with 62889 rows, 98880 columns and 296640 nonzeros
Model has 557 quadratic constraints
Coefficient statistics:
  Matrix range    [1e+00, 1e+00]
  Objective range [1e+00, 1e+01]
  Bounds range    [1e+00, 1e+00]
  RHS range       [1e+00, 3e+00]
Found heuristic solution: objective 989
Presolve removed 60130 rows and 17000 columns
Presolve time: 0.60s
Presolved: 189836 rows, 175140 columns, 989860 nonzeros
Variable types: 0 continuous, 175140 integer (175140 binary)

Root simplex log...

Iteration    Objective       Primal Inf.    Dual Inf.      Time
   51647   -2.3397996e+02   1.428000e+03   0.000000e+00      6s
   76412   -1.2097986e+02   1.606667e+02   0.000000e+00     10s
   91500    2.1520069e+01   1.447625e+03   0.000000e+00     15s
   92050    2.1500000e+01   0.000000e+00   0.000000e+00     16s

Root relaxation: objective 2.150000e+01, 92050 iterations, 14.89 seconds
Total elapsed time = 20.85s
Total elapsed time = 28.84s
Total elapsed time = 32.74s

    Nodes    |    Current Node    |     Objective Bounds      |     Work
 Expl Unexpl |  Obj  Depth IntInf | Incumbent    BestBd   Gap | It/Node Time

     0     0   21.50000    0  524  989.00000   21.50000  97.8%     -   36s
H    0     0                     960.0000000   21.50000  97.8%     -   46s
H    0     0                     936.0000000   21.50000  97.7%     -   47s
     0     0   21.50000    0  561  936.00000   21.50000  97.7%     -   73s
H    0     0                     837.0000000   21.50000  97.4%     -  113s
     0     0  199.75000    0 4041  837.00000  199.75000  76.1%     -  156s
H    0     0                     665.0000000  199.75000  70.0%     -  197s
     0     0  200.29167    0 4492  665.00000  200.29167  69.9%     -  211s
     0     0  200.29167    0 4453  665.00000  200.29167  69.9%     -  212s
     0     0  202.05960    0 4770  665.00000  202.05960  69.6%     -  228s
     0     0  202.09470    0 4971  665.00000  202.09470  69.6%     -  231s
     0     0  202.75928    0 5814  665.00000  202.75928  69.5%     -  240s
     0     0  202.87148    0 5833  665.00000  202.87148  69.5%     -  242s
     0     0  203.28342    0 5718  665.00000  203.28342  69.4%     -  247s
     0     0  203.32265    0 5945  665.00000  203.32265  69.4%     -  248s
     0     0  203.53188    0 5726  665.00000  203.53188  69.4%     -  253s
     0     0  203.58302    0 5734  665.00000  203.58302  69.4%     -  255s
     0     0  203.82900    0 6067  665.00000  203.82900  69.3%     -  259s
     0     0  203.84932    0 6054  665.00000  203.84932  69.3%     -  260s
     0     0  203.95185    0 6185  665.00000  203.95185  69.3%     -  263s
     0     0  203.96117    0 6256  665.00000  203.96117  69.3%     -  264s
     0     0  203.97845    0 6114  665.00000  203.97845  69.3%     -  265s
     0     0  203.98099    0 6470  665.00000  203.98099  69.3%     -  266s
     0     0  203.98929    0 6078  665.00000  203.98929  69.3%     -  268s
     0     0  203.99167    0 6315  665.00000  203.99167  69.3%     -  269s
     0     0  204.01012    0 6024  665.00000  204.01012  69.3%     -  271s
     0     0  204.01054    0 6065  665.00000  204.01054  69.3%     -  272s
     0     0  204.02362    0 6289  665.00000  204.02362  69.3%     -  273s
     0     0  204.02363    0 6400  665.00000  204.02363  69.3%     -  274s
     0     0  204.03223    0 6259  665.00000  204.03223  69.3%     -  275s
     0     0  204.03238    0 6222  665.00000  204.03238  69.3%     -  276s
     0     0  204.04668    0 6372  665.00000  204.04668  69.3%     -  278s
     0     0  204.04740    0 6297  665.00000  204.04740  69.3%     -  278s
     0     0  204.04740    0 6391  665.00000  204.04740  69.3%     -  279s
     0     0  204.04740    0 6399  665.00000  204.04740  69.3%     -  280s
     0     0  204.07364    0 5954  665.00000  204.07364  69.3%     -  300s

Cutting planes:
  Gomory: 30
  MIR: 7
  Zero half: 185
  Mod-K: 2

Explored 0 nodes (618656 simplex iterations) in 300.07 seconds
Thread count was 4 (of 4 available processors)

Time limit reached
Best objective 6.650000000000e+02, best bound 2.050000000000e+02, gap 69.1729%

Gurobi 6.5.2 (mac64) logging started Sat Nov 12 15:47:55 2016

Optimize a model with 62889 rows, 98880 columns and 296640 nonzeros
Model has 557 quadratic constraints
Coefficient statistics:
  Matrix range    [1e+00, 1e+00]
  Objective range [1e+00, 1e+01]
  Bounds range    [1e+00, 1e+00]
  RHS range       [1e+00, 3e+00]
Found heuristic solution: objective 989
Presolve removed 60130 rows and 17000 columns
Presolve time: 0.65s
Presolved: 189836 rows, 175140 columns, 989860 nonzeros
Variable types: 0 continuous, 175140 integer (175140 binary)

Root simplex log...

Iteration    Objective       Primal Inf.    Dual Inf.      Time
   46694   -2.3398000e+02   2.350500e+03   0.000000e+00      5s
   76412   -1.2097986e+02   1.606667e+02   0.000000e+00     11s
   88525   -5.5979857e+01   1.616500e+03   0.000000e+00     15s
   92050    2.1500000e+01   0.000000e+00   0.000000e+00     17s

Root relaxation: objective 2.150000e+01, 92050 iterations, 16.53 seconds
Total elapsed time = 23.37s
Total elapsed time = 27.71s
Total elapsed time = 32.16s
Total elapsed time = 36.25s

    Nodes    |    Current Node    |     Objective Bounds      |     Work
 Expl Unexpl |  Obj  Depth IntInf | Incumbent    BestBd   Gap | It/Node Time

     0     0   21.50000    0  524  989.00000   21.50000  97.8%     -   40s
H    0     0                     960.0000000   21.50000  97.8%     -   51s
H    0     0                     936.0000000   21.50000  97.7%     -   52s
     0     0   21.50000    0  561  936.00000   21.50000  97.7%     -   78s
H    0     0                     837.0000000   21.50000  97.4%     -  115s
     0     0  199.75000    0 4041  837.00000  199.75000  76.1%     -  154s
H    0     0                     665.0000000  199.75000  70.0%     -  192s
     0     0  200.29167    0 4492  665.00000  200.29167  69.9%     -  205s
     0     0  200.29167    0 4453  665.00000  200.29167  69.9%     -  205s
     0     0  202.05960    0 4770  665.00000  202.05960  69.6%     -  218s
     0     0  202.09470    0 4971  665.00000  202.09470  69.6%     -  222s
     0     0  202.75928    0 5814  665.00000  202.75928  69.5%     -  229s
     0     0  202.87148    0 5833  665.00000  202.87148  69.5%     -  231s
     0     0  203.28342    0 5718  665.00000  203.28342  69.4%     -  236s
     0     0  203.32265    0 5945  665.00000  203.32265  69.4%     -  237s
     0     0          -    0       665.00000  203.32265  69.4%     -  240s

Cutting planes:
  Gomory: 29
  MIR: 2
  Zero half: 144

Explored 0 nodes (601479 simplex iterations) in 240.03 seconds
Thread count was 4 (of 4 available processors)

Time limit reached
Best objective 6.650000000000e+02, best bound 2.040000000000e+02, gap 69.3233%

Gurobi 6.5.2 (mac64) logging started Wed Nov 16 14:34:46 2016

Optimize a model with 196569 rows, 98880 columns and 564000 nonzeros
Coefficient statistics:
  Matrix range    [1e+00, 1e+00]
  Objective range [1e+00, 1e+01]
  Bounds range    [1e+00, 1e+00]
  RHS range       [1e+00, 3e+00]
Presolve removed 59280 rows and 42520 columns
Presolve time: 0.16s

Explored 0 nodes (0 simplex iterations) in 0.51 seconds
Thread count was 1 (of 4 available processors)

Model is infeasible
Best objective -, best bound -, gap -
