
Gurobi 6.5.2 (mac64) logging started Wed Nov 16 14:48:25 2016


Gurobi 6.5.2 (mac64) logging started Wed Nov 16 14:49:59 2016


Gurobi 6.5.2 (mac64) logging started Wed Nov 16 14:50:27 2016


Gurobi 6.5.2 (mac64) logging started Wed Nov 16 14:51:47 2016

Optimize a model with 187679 rows, 96480 columns and 539040 nonzeros
Coefficient statistics:
  Matrix range    [1e+00, 1e+00]
  Objective range [1e+00, 1e+01]
  Bounds range    [1e+00, 1e+00]
  RHS range       [1e+00, 3e+00]
Presolve removed 59280 rows and 40120 columns
Presolve time: 0.14s

Explored 0 nodes (0 simplex iterations) in 0.43 seconds
Thread count was 1 (of 4 available processors)

Model is infeasible
Best objective -, best bound -, gap -

Gurobi 6.5.2 (mac64) logging started Wed Nov 16 14:52:14 2016

Optimize a model with 128399 rows, 96480 columns and 479760 nonzeros
Coefficient statistics:
  Matrix range    [1e+00, 1e+00]
  Objective range [1e+00, 1e+01]
  Bounds range    [1e+00, 1e+00]
  RHS range       [1e+00, 3e+00]
Found heuristic solution: objective 1107
Presolve time: 2.43s
Presolved: 128399 rows, 96480 columns, 479760 nonzeros
Variable types: 0 continuous, 96480 integer (96480 binary)

Root simplex log...

Iteration    Objective       Primal Inf.    Dual Inf.      Time
   19673   -6.4099989e+02   7.050000e+02   0.000000e+00      5s
   49162   -4.2149982e+02   5.250000e+02   0.000000e+00     10s
   63327   -3.1674977e+02   7.190000e+02   0.000000e+00     16s
   72004   -2.6549977e+02   6.620000e+02   0.000000e+00     21s
   78856   -2.3199977e+02   1.514250e+03   0.000000e+00     26s
   84383   -2.1149974e+02   7.677000e+02   0.000000e+00     30s
   90603   -1.8899975e+02   2.051450e+03   0.000000e+00     35s
   98275   -1.6899975e+02   2.409565e+03   0.000000e+00     41s
  102141   -1.6299974e+02   5.651857e+02   0.000000e+00     45s
  105465   -1.5999974e+02   3.399050e+02   0.000000e+00     50s
  108287   -1.5699972e+02   1.493371e+03   0.000000e+00     55s
  110849   -1.5499970e+02   8.006684e+02   0.000000e+00     60s
  112896   -1.5299972e+02   1.121238e+03   0.000000e+00     65s
  115728   -1.5099972e+02   1.020458e+03   0.000000e+00     71s
  118728   -1.4749973e+02   1.073394e+03   0.000000e+00     75s
  120933   -1.4599969e+02   5.179624e+03   0.000000e+00     80s
  122465   -1.4499970e+02   1.747743e+03   0.000000e+00     85s
  124532   -1.4401758e+02   9.556817e+02   0.000000e+00     91s
  126317   -1.4299972e+02   2.903274e+02   0.000000e+00     95s
  128010   -1.4199971e+02   1.124386e+03   0.000000e+00    100s
  129611   -1.4199969e+02   1.670719e+03   0.000000e+00    106s
  131735   -1.4006221e+02   1.446739e+03   0.000000e+00    111s
  132938   -1.3999970e+02   4.588814e+03   0.000000e+00    116s
  134535   -1.3951862e+02   2.446483e+03   0.000000e+00    120s
  136443   -1.3899972e+02   9.601495e+02   0.000000e+00    125s
  138778   -1.3799972e+02   1.859215e+03   0.000000e+00    130s
  140445   -1.3762468e+02   3.344837e+03   0.000000e+00    135s
  142355   -1.3699971e+02   1.033898e+03   0.000000e+00    140s
  144674   -1.3635687e+02   3.239410e+03   0.000000e+00    146s
  146488   -1.3599868e+02   2.250939e+03   0.000000e+00    152s
  147640   -1.3588701e+02   1.367277e+04   0.000000e+00    155s
  149846   -1.3541645e+02   1.676140e+03   0.000000e+00    161s
  151269   -1.3524975e+02   1.053935e+03   0.000000e+00    165s
  152452   -1.3524972e+02   3.135406e+04   0.000000e+00    171s
  154329   -1.3464967e+02   3.902806e+03   0.000000e+00    175s
  156050   -1.3399974e+02   1.419082e+03   0.000000e+00    180s
  156966   -1.3399971e+02   3.469422e+04   0.000000e+00    186s
  158270   -1.3399960e+02   3.009242e+04   0.000000e+00    191s
  160168   -1.3354145e+02   8.384090e+03   0.000000e+00    196s
  162468   -1.3326443e+02   6.371414e+03   0.000000e+00    202s
  163988   -1.3312752e+02   2.944838e+04   0.000000e+00    205s
  166078   -1.3306951e+02   6.967117e+03   0.000000e+00    210s
  168328   -1.3284400e+02   2.142559e+04   0.000000e+00    215s
  170877   -1.3258241e+02   2.830294e+03   0.000000e+00    222s
  172668   -1.3240302e+02   1.943905e+03   0.000000e+00    226s
  174122   -1.3224972e+02   4.530087e+03   0.000000e+00    230s
  176186   -1.3201534e+02   1.577170e+04   0.000000e+00    236s

Root relaxation: time limit, 177724 iterations, 237.33 seconds

    Nodes    |    Current Node    |     Objective Bounds      |     Work
 Expl Unexpl |  Obj  Depth IntInf | Incumbent    BestBd   Gap | It/Node Time

     0     0          -    0      1107.00000          -      -     -  240s

Explored 0 nodes (177724 simplex iterations) in 240.04 seconds
Thread count was 4 (of 4 available processors)

Time limit reached
Best objective 1.107000000000e+03, best bound -, gap -

Gurobi 6.5.2 (mac64) logging started Wed Nov 16 14:58:44 2016

Optimize a model with 128399 rows, 96480 columns and 479760 nonzeros
Coefficient statistics:
  Matrix range    [1e+00, 1e+00]
  Objective range [1e+00, 1e+01]
  Bounds range    [1e+00, 1e+00]
  RHS range       [1e+00, 3e+00]
Found heuristic solution: objective 1107
Presolve time: 2.54s
Presolved: 128399 rows, 96480 columns, 479760 nonzeros
Variable types: 0 continuous, 96480 integer (96480 binary)

Root simplex log...

Iteration    Objective       Primal Inf.    Dual Inf.      Time
   19673   -6.4099989e+02   7.050000e+02   0.000000e+00      5s
   49162   -4.2149982e+02   5.250000e+02   0.000000e+00     10s
   61644   -3.2349981e+02   8.040000e+02   0.000000e+00     15s
   72004   -2.6549977e+02   6.620000e+02   0.000000e+00     21s
   77838   -2.3649975e+02   7.362500e+02   0.000000e+00     25s
   84383   -2.1149974e+02   7.677000e+02   0.000000e+00     31s

Gurobi 6.5.2 (mac64) logging started Wed Nov 16 14:59:58 2016

Optimize a model with 187679 rows, 96480 columns and 539040 nonzeros
Coefficient statistics:
  Matrix range    [1e+00, 1e+00]
  Objective range [1e+00, 1e+01]
  Bounds range    [1e+00, 1e+00]
  RHS range       [1e+00, 3e+00]
Presolve removed 59280 rows and 40120 columns
Presolve time: 0.14s

Explored 0 nodes (0 simplex iterations) in 0.43 seconds
Thread count was 1 (of 4 available processors)

Model is infeasible
Best objective -, best bound -, gap -

Gurobi 6.5.2 (mac64) logging started Wed Nov 16 15:00:32 2016

Optimize a model with 187679 rows, 96480 columns and 539040 nonzeros
Coefficient statistics:
  Matrix range    [1e+00, 1e+00]
  Objective range [1e+00, 1e+01]
  Bounds range    [1e+00, 1e+00]
  RHS range       [1e+00, 3e+00]
Found heuristic solution: objective 909
Presolve removed 144582 rows and 55620 columns
Presolve time: 1.90s
Presolved: 43097 rows, 40860 columns, 173340 nonzeros
Variable types: 0 continuous, 40860 integer (40860 binary)

Root simplex log...

Iteration    Objective       Primal Inf.    Dual Inf.      Time
   25537    3.1000216e+01   6.346667e+02   0.000000e+00      5s
   36666    9.2000260e+01   1.561703e+02   0.000000e+00     10s
   41009    9.4000264e+01   4.678200e+02   0.000000e+00     15s
   44305    9.5500268e+01   1.864961e+02   0.000000e+00     20s
   47355    9.6400277e+01   3.116482e+03   0.000000e+00     25s
   51435    9.7079193e+01   4.825519e+03   0.000000e+00     30s
   53096    9.7166667e+01   0.000000e+00   0.000000e+00     33s

Root relaxation: objective 9.716667e+01, 53096 iterations, 30.65 seconds
Total elapsed time = 38.48s

    Nodes    |    Current Node    |     Objective Bounds      |     Work
 Expl Unexpl |  Obj  Depth IntInf | Incumbent    BestBd   Gap | It/Node Time

     0     0   97.16667    0 4264  909.00000   97.16667  89.3%     -   46s
H    0     0                     769.0000000   97.16667  87.4%     -   46s
H    0     0                     547.0000000   97.16667  82.2%     -   92s
     0     0  100.68196    0 5232  547.00000  100.68196  81.6%     -  111s
     0     0  100.68196    0 5240  547.00000  100.68196  81.6%     -  111s
     0     0  101.89035    0 5258  547.00000  101.89035  81.4%     -  121s
     0     0  102.38602    0 5196  547.00000  102.38602  81.3%     -  124s
     0     0  103.10562    0 5835  547.00000  103.10562  81.2%     -  134s
     0     0  103.18517    0 5802  547.00000  103.18517  81.1%     -  137s
     0     0  103.73335    0 6034  547.00000  103.73335  81.0%     -  144s
     0     0  103.77188    0 5927  547.00000  103.77188  81.0%     -  146s
     0     0  104.11091    0 5620  547.00000  104.11091  81.0%     -  152s
     0     0  104.11211    0 5737  547.00000  104.11211  81.0%     -  154s
     0     0  104.17086    0 6021  547.00000  104.17086  81.0%     -  157s
     0     0  104.17330    0 5945  547.00000  104.17330  81.0%     -  158s
     0     0  104.20442    0 6026  547.00000  104.20442  80.9%     -  160s
     0     0  104.20442    0 5789  547.00000  104.20442  80.9%     -  161s
     0     0  104.27111    0 5892  547.00000  104.27111  80.9%     -  164s
     0     0  104.27111    0 5950  547.00000  104.27111  80.9%     -  164s
     0     0  104.29567    0 5820  547.00000  104.29567  80.9%     -  167s
     0     0  104.29702    0 5877  547.00000  104.29702  80.9%     -  168s
     0     0  104.30069    0 5909  547.00000  104.30069  80.9%     -  170s
     0     0  104.30069    0 5988  547.00000  104.30069  80.9%     -  171s
     0     0  104.30373    0 5354  547.00000  104.30373  80.9%     -  203s
     0     0  104.30373    0 5618  547.00000  104.30373  80.9%     -  205s
     0     0  104.30373    0 5223  547.00000  104.30373  80.9%     -  238s
     0     0  104.30373    0 5472  547.00000  104.30373  80.9%     -  240s
     0     0  104.31433    0 5521  547.00000  104.31433  80.9%     -  280s
     0     0  104.31531    0 5861  547.00000  104.31531  80.9%     -  282s
     0     0  104.31531    0 6137  547.00000  104.31531  80.9%     -  284s
     0     0  104.31531    0 6171  547.00000  104.31531  80.9%     -  285s
     0     0  104.31531    0 5714  547.00000  104.31531  80.9%     -  317s
     0     0  104.31531    0 5535  547.00000  104.31531  80.9%     -  345s
     0     2  104.31531    0 5229  547.00000  104.31531  80.9%     -  449s
     1     3  109.88827    1 5240  547.00000  104.31923  80.9%  8996  460s
     2     4  111.66874    1 5049  547.00000  109.88827  79.9%  6282  466s
     3     5  112.34442    2 4928  547.00000  109.88827  79.9%  4732  470s
     4     4  112.95893    3 4747  547.00000  109.88827  79.9%  4313  475s
     5     7  114.22687    4 4584  547.00000  109.88827  79.9%  4261  486s
     7     9  114.29194    5 4920  547.00000  109.88827  79.9%  3816  499s
     9    11  115.16001    6 5405  547.00000  109.88827  79.9%  3948  505s
    11    13  117.82667    7 5410  547.00000  109.88827  79.9%  3509  511s
    14    15  121.16001    9 5378  547.00000  109.88827  79.9%  3048  515s
    16    16  121.16001   10 5385  547.00000  109.88827  79.9%  2817  526s
    21    22  127.15185   13 4853  547.00000  109.88827  79.9%  2691  538s
    26    28  127.15185   14 4853  547.00000  109.88827  79.9%  2371  617s
H   27    28                     508.0000000  109.88827  78.4%  2283  617s
    29    29  133.79747   16 4970  508.00000  109.88827  78.4%  2383  628s
    31    33  134.94204   16 4072  508.00000  109.88827  78.4%  2628  647s
    33    35  133.79747   17 4970  508.00000  109.88827  78.4%  2596  653s
    39    38  134.53886   21 4757  508.00000  109.88827  78.4%  2327  661s
    46    47  135.48011   24 4551  508.00000  109.88827  78.4%  2116  669s
    51    53  145.61894   26 4810  508.00000  109.88827  78.4%  2070  674s
    55    56  150.81011   27 4677  508.00000  109.88827  78.4%  2090  686s
    57    59  162.40671   27 4860  508.00000  109.88827  78.4%  2250  705s
    59    59  162.40671   28 4860  508.00000  109.88827  78.4%  2226  712s
    62    63  168.91471   29 4663  508.00000  109.88827  78.4%  2271  717s
    67    67  168.91471   30 4663  508.00000  109.88827  78.4%  2138  720s
    73    75  169.42514   34 4699  508.00000  109.88827  78.4%  2005  725s
    77    79  172.73241   36 4903  508.00000  109.88827  78.4%  2001  732s
    81    81  172.98261   37 4676  508.00000  109.88827  78.4%  1967  737s
    88    90  173.14719   38 4753  508.00000  109.88827  78.4%  1835  751s
    93    96  192.35002   39 4182  508.00000  109.88827  78.4%  1998  768s
    95    93  178.57419   40 4423  508.00000  109.88827  78.4%  2066  775s
    98    98  180.71167   42 4630  508.00000  109.88827  78.4%  2091  783s
   101   104  196.06004   42 4300  508.00000  109.88827  78.4%  2151  796s
   104   103  197.09591   43 4360  508.00000  109.88827  78.4%  2123  802s
   111   112  199.81306   47 4525  508.00000  109.88827  78.4%  2041  808s
   116   118  202.45009   49 4018  508.00000  109.88827  78.4%  2015  814s
   120   120  202.46274   51 3984  508.00000  109.88827  78.4%  1974  822s
   125   127  224.45317   53 3947  508.00000  109.88827  78.4%  2011  834s
   128   130  210.23115   54 4042  508.00000  109.88827  78.4%  1982  842s
   135   136  222.04023   58 3859  508.00000  109.88827  78.4%  1946  848s
   145   146  221.44170   60 3821  508.00000  109.88827  78.4%  1839  859s
   157   157  238.40897   65 3751  508.00000  109.88827  78.4%  1787  869s
   165   166  259.73369   69 3622  508.00000  109.88827  78.4%  1775  878s
   175   176  263.90596   74 3548  508.00000  109.88827  78.4%  1743  885s
   185   188  280.36624   80 3302  508.00000  109.88827  78.4%  1691  896s
   197   196  310.56837   86 2970  508.00000  109.88827  78.4%  1710  904s

Gurobi 6.5.2 (mac64) logging started Wed Nov 16 15:18:54 2016

Optimize a model with 62879 rows, 96480 columns and 289440 nonzeros
Coefficient statistics:
  Matrix range    [1e+00, 1e+00]
  Objective range [1e+00, 1e+01]
  Bounds range    [1e+00, 1e+00]
  RHS range       [1e+00, 3e+00]
Found heuristic solution: objective 909
Presolve removed 60130 rows and 17000 columns
Presolve time: 0.81s
Presolved: 2749 rows, 79480 columns, 196160 nonzeros
Variable types: 0 continuous, 79480 integer (79480 binary)

Root relaxation: objective -5.460000e+02, 1356 iterations, 0.27 seconds

    Nodes    |    Current Node    |     Objective Bounds      |     Work
 Expl Unexpl |  Obj  Depth IntInf | Incumbent    BestBd   Gap | It/Node Time

*    0     0               0    -546.0000000 -546.00000  0.00%     -    1s

Explored 0 nodes (1356 simplex iterations) in 1.31 seconds
Thread count was 4 (of 4 available processors)

Optimal solution found (tolerance 1.00e-04)
Best objective -5.460000000000e+02, best bound -5.460000000000e+02, gap 0.0%

Gurobi 6.5.2 (mac64) logging started Wed Nov 16 15:20:17 2016

Optimize a model with 187679 rows, 96480 columns and 539040 nonzeros
Coefficient statistics:
  Matrix range    [1e+00, 1e+00]
  Objective range [1e+00, 1e+01]
  Bounds range    [1e+00, 1e+00]
  RHS range       [1e+00, 3e+00]
Found heuristic solution: objective 909
Presolve removed 144582 rows and 55620 columns
Presolve time: 1.92s
Presolved: 43097 rows, 40860 columns, 173340 nonzeros
Variable types: 0 continuous, 40860 integer (40860 binary)

Root simplex log...

Iteration    Objective       Primal Inf.    Dual Inf.      Time
   25537    3.1000216e+01   6.346667e+02   0.000000e+00      5s
   36666    9.2000260e+01   1.561703e+02   0.000000e+00     10s
   41009    9.4000264e+01   4.678200e+02   0.000000e+00     15s
   44305    9.5500268e+01   1.864961e+02   0.000000e+00     20s
   47111    9.6250273e+01   5.302866e+02   0.000000e+00     25s
   51435    9.7079193e+01   4.825519e+03   0.000000e+00     30s
   53096    9.7166667e+01   0.000000e+00   0.000000e+00     33s

Root relaxation: objective 9.716667e+01, 53096 iterations, 30.60 seconds
Total elapsed time = 38.43s

    Nodes    |    Current Node    |     Objective Bounds      |     Work
 Expl Unexpl |  Obj  Depth IntInf | Incumbent    BestBd   Gap | It/Node Time

     0     0   97.16667    0 4264  909.00000   97.16667  89.3%     -   45s
H    0     0                     769.0000000   97.16667  87.4%     -   46s
H    0     0                     547.0000000   97.16667  82.2%     -   91s
     0     0  100.68196    0 5232  547.00000  100.68196  81.6%     -  110s
     0     0  100.68196    0 5240  547.00000  100.68196  81.6%     -  111s
     0     0          -    0       547.00000  100.68196  81.6%     -  120s

Cutting planes:
  Gomory: 17
  MIR: 1
  Zero half: 56

Explored 0 nodes (71497 simplex iterations) in 120.02 seconds
Thread count was 4 (of 4 available processors)

Time limit reached
Best objective 5.470000000000e+02, best bound 1.010000000000e+02, gap 81.5356%

Gurobi 6.5.2 (mac64) logging started Wed Nov 16 15:25:43 2016

Optimize a model with 128399 rows, 96480 columns and 479760 nonzeros
Coefficient statistics:
  Matrix range    [1e+00, 1e+00]
  Objective range [1e+00, 1e+01]
  Bounds range    [1e+00, 1e+00]
  RHS range       [1e+00, 3e+00]
Found heuristic solution: objective 909
Presolve time: 2.23s
Presolved: 128399 rows, 96480 columns, 479760 nonzeros
Variable types: 0 continuous, 96480 integer (96480 binary)

Root simplex log...

Iteration    Objective       Primal Inf.    Dual Inf.      Time
   19668   -6.4099989e+02   7.280000e+02   0.000000e+00      5s
   49141   -4.2499980e+02   5.610000e+02   0.000000e+00     10s
   61587   -3.2599979e+02   1.274500e+03   0.000000e+00     15s
   70382   -2.7449978e+02   2.485000e+03   0.000000e+00     21s
   76974   -2.4349974e+02   1.584500e+03   0.000000e+00     26s
   81872   -2.1949979e+02   8.713333e+02   0.000000e+00     30s
   91297   -1.8999974e+02   2.970000e+03   0.000000e+00     35s
   98174   -1.6999976e+02   1.585500e+03   0.000000e+00     40s
  104097   -1.6099969e+02   2.440583e+03   0.000000e+00     45s
  108053   -1.5299973e+02   7.520911e+02   0.000000e+00     50s
  109272   -1.5299972e+02   1.256886e+03   0.000000e+00     55s
  111085   -1.5199970e+02   2.771077e+03   0.000000e+00     60s
  114130   -1.4799973e+02   4.229707e+02   0.000000e+00     66s
  115216   -1.4799972e+02   1.005061e+03   0.000000e+00     70s
  118647   -1.4399973e+02   9.555361e+02   0.000000e+00     75s
  121268   -1.4199972e+02   2.292094e+03   0.000000e+00     80s
  123092   -1.3999971e+02   8.063259e+02   0.000000e+00     85s
  124569   -1.3955903e+02   1.908160e+03   0.000000e+00     90s
  127572   -1.3699970e+02   1.232623e+03   0.000000e+00     96s
  129748   -1.3599971e+02   1.582606e+03   0.000000e+00    101s
  130974   -1.3597099e+02   2.994528e+03   0.000000e+00    106s
  132992   -1.3530180e+02   1.667305e+04   0.000000e+00    110s
  134328   -1.3499972e+02   1.340393e+03   0.000000e+00    116s
  135338   -1.3499971e+02   9.190264e+02   0.000000e+00    121s
  136134   -1.3499970e+02   6.153470e+03   0.000000e+00    125s
  138227   -1.3419975e+02   3.657496e+04   0.000000e+00    131s
  139550   -1.3399970e+02   1.793508e+03   0.000000e+00    136s
  141102   -1.3369588e+02   1.064555e+04   0.000000e+00    141s
  142600   -1.3299974e+02   1.732188e+03   0.000000e+00    145s
  143802   -1.3299972e+02   3.625780e+02   0.000000e+00    150s
  144822   -1.3299971e+02   1.317852e+03   0.000000e+00    155s
  145817   -1.3299971e+02   6.604974e+02   0.000000e+00    160s
  146812   -1.3299970e+02   4.651707e+02   0.000000e+00    166s
  147807   -1.3299970e+02   5.834595e+02   0.000000e+00    171s
  148609   -1.3299969e+02   6.974590e+02   0.000000e+00    175s
  150184   -1.3280033e+02   6.742310e+02   0.000000e+00    181s
  151725   -1.3259967e+02   3.405702e+03   0.000000e+00    185s
  153199   -1.3208302e+02   3.630445e+03   0.000000e+00    190s
  154484   -1.3199970e+02   1.081942e+04   0.000000e+00    195s
  156359   -1.3166637e+02   6.184294e+03   0.000000e+00    200s
  158002   -1.3099975e+02   7.507308e+03   0.000000e+00    205s
  159143   -1.3099973e+02   1.847469e+03   0.000000e+00    211s
  160209   -1.3099972e+02   1.309467e+03   0.000000e+00    216s
  161016   -1.3099972e+02   3.185049e+02   0.000000e+00    220s
  162048   -1.3099971e+02   6.042117e+03   0.000000e+00    226s
  162844   -1.3099970e+02   1.560643e+03   0.000000e+00    230s
  163858   -1.3099970e+02   1.897283e+03   0.000000e+00    235s
  164921   -1.3099969e+02   9.333354e+02   0.000000e+00    240s
  166251   -1.3099965e+02   6.644140e+03   0.000000e+00    246s
  168549   -1.3060342e+02   7.899658e+03   0.000000e+00    253s
  169464   -1.3052062e+02   2.281932e+03   0.000000e+00    256s
  170864   -1.3040303e+02   1.670608e+03   0.000000e+00    261s
  173590   -1.3008246e+02   1.700322e+03   0.000000e+00    268s
  174711   -1.3004728e+02   1.388937e+03   0.000000e+00    271s
  176518   -1.2993739e+02   2.085215e+03   0.000000e+00    277s
  178561   -1.2986114e+02   2.773817e+03   0.000000e+00    283s
  180398   -1.2978637e+02   1.400564e+03   0.000000e+00    288s
  181062   -1.2973632e+02   2.422223e+03   0.000000e+00    290s
  183393   -1.2960937e+02   7.319689e+03   0.000000e+00    297s
  185225   -1.2955137e+02   1.309242e+03   0.000000e+00    303s
  186106   -1.2951585e+02   3.275276e+03   0.000000e+00    306s
  188027   -1.2943129e+02   1.188798e+03   0.000000e+00    312s
  189394   -1.2937905e+02   2.990964e+03   0.000000e+00    315s
  192033   -1.2916529e+02   2.063614e+03   0.000000e+00    322s
  193584   -1.2905596e+02   2.011598e+03   0.000000e+00    326s
  195433   -1.2894893e+02   2.114718e+03   0.000000e+00    332s
  197158   -1.2879117e+02   2.042493e+03   0.000000e+00    336s
  199876   -1.2863574e+02   1.557051e+03   0.000000e+00    344s
  200988   -1.2858614e+02   8.092131e+03   0.000000e+00    347s
  202160   -1.2856129e+02   1.453919e+04   0.000000e+00    351s
  204221   -1.2847710e+02   9.664799e+02   0.000000e+00    356s
  205485   -1.2843984e+02   1.302486e+03   0.000000e+00    360s
  208000   -1.2824582e+02   5.407250e+03   0.000000e+00    367s
  209587   -1.2810107e+02   5.283351e+03   0.000000e+00    371s
  211759   -1.2792737e+02   1.403966e+04   0.000000e+00    377s
  213023   -1.2785700e+02   4.142888e+05   0.000000e+00    380s
  215290   -1.2770837e+02   1.068391e+03   0.000000e+00    387s
  216655   -1.2755241e+02   3.768975e+04   0.000000e+00    391s
  218057   -1.2737462e+02   1.043572e+05   0.000000e+00    395s
  220253   -1.2707524e+02   1.033405e+04   0.000000e+00    402s
  221326   -1.2699972e+02   2.066380e+03   0.000000e+00    405s
  223326   -1.2685321e+02   2.679350e+03   0.000000e+00    412s
  224790   -1.2679116e+02   3.029093e+03   0.000000e+00    416s
  226719   -1.2663121e+02   1.241193e+04   0.000000e+00    421s
  228414   -1.2650288e+02   3.965210e+03   0.000000e+00    425s
  230472   -1.2605010e+02   2.043785e+04   0.000000e+00    430s
  232275   -1.2581067e+02   1.388870e+04   0.000000e+00    436s
  234192   -1.2549974e+02   1.379104e+04   0.000000e+00    441s
  235516   -1.2549968e+02   2.693095e+04   0.000000e+00    446s
  237099   -1.2530659e+02   1.248067e+04   0.000000e+00    451s
  238815   -1.2514522e+02   3.349371e+03   0.000000e+00    457s
  240059   -1.2504913e+02   1.817568e+04   0.000000e+00    460s
  241576   -1.2499970e+02   1.663896e+03   0.000000e+00    465s
  242542   -1.2499969e+02   1.270174e+03   0.000000e+00    470s
  243810   -1.2499674e+02   1.042786e+04   0.000000e+00    475s
  246031   -1.2481838e+02   6.614179e+03   0.000000e+00    481s
  248494   -1.2470856e+02   2.830012e+03   0.000000e+00    487s
  250028   -1.2462472e+02   1.389034e+04   0.000000e+00    491s
  251925   -1.2451332e+02   7.878170e+03   0.000000e+00    496s
  253181   -1.2449971e+02   9.920038e+02   0.000000e+00    500s
  253999   -1.2449970e+02   5.295379e+02   0.000000e+00    505s
  255193   -1.2449968e+02   3.751956e+03   0.000000e+00    511s
  256759   -1.2444202e+02   3.521583e+03   0.000000e+00    515s
  258784   -1.2424970e+02   1.947742e+03   0.000000e+00    520s
  260393   -1.2419972e+02   1.204804e+03   0.000000e+00    526s
  261328   -1.2416639e+02   4.846253e+02   0.000000e+00    530s
  262702   -1.2416110e+02   5.721421e+03   0.000000e+00    536s
  264171   -1.2411653e+02   1.869071e+03   0.000000e+00    540s
  265995   -1.2400401e+02   3.274542e+04   0.000000e+00    546s
  267509   -1.2399973e+02   7.542581e+02   0.000000e+00    551s
  268333   -1.2399972e+02   1.787619e+03   0.000000e+00    555s
  269328   -1.2399970e+02   8.218707e+02   0.000000e+00    560s
  270323   -1.2399969e+02   2.518363e+02   0.000000e+00    566s
  271363   -1.2399966e+02   2.387481e+04   0.000000e+00    570s
  273155   -1.2392327e+02   2.035576e+04   0.000000e+00    576s
  274774   -1.2382779e+02   3.529100e+04   0.000000e+00    581s
  276406   -1.2374877e+02   1.138136e+04   0.000000e+00    586s
  277950   -1.2349978e+02   1.980152e+03   0.000000e+00    591s
  278958   -1.2349973e+02   3.467040e+03   0.000000e+00    596s

Root relaxation: time limit, 279793 iterations, 597.63 seconds

    Nodes    |    Current Node    |     Objective Bounds      |     Work
 Expl Unexpl |  Obj  Depth IntInf | Incumbent    BestBd   Gap | It/Node Time

     0     0          -    0       909.00000          -      -     -  600s

Explored 0 nodes (279793 simplex iterations) in 600.03 seconds
Thread count was 4 (of 4 available processors)

Time limit reached
Best objective 9.090000000000e+02, best bound -, gap -

Gurobi 6.5.2 (mac64) logging started Wed Nov 16 15:38:26 2016

Optimize a model with 95399 rows, 48240 columns and 269520 nonzeros
Coefficient statistics:
  Matrix range    [1e+00, 1e+00]
  Objective range [1e+00, 1e+01]
  Bounds range    [1e+00, 1e+00]
  RHS range       [1e+00, 3e+00]
Found heuristic solution: objective 909
Presolve removed 73102 rows and 27810 columns
Presolve time: 0.81s
Presolved: 22297 rows, 20430 columns, 86670 nonzeros
Variable types: 0 continuous, 20430 integer (20430 binary)

Root simplex log...

Iteration    Objective       Primal Inf.    Dual Inf.      Time
   20837    2.9002204e+01   1.637489e+04   0.000000e+00      5s
   30900    9.9000542e+01   1.234362e+03   0.000000e+00     10s
   37622    1.0638942e+02   6.988615e+02   0.000000e+00     15s
   40311    1.0833333e+02   0.000000e+00   0.000000e+00     17s

Root relaxation: objective 1.083333e+02, 40311 iterations, 16.17 seconds
Total elapsed time = 20.09s

    Nodes    |    Current Node    |     Objective Bounds      |     Work
 Expl Unexpl |  Obj  Depth IntInf | Incumbent    BestBd   Gap | It/Node Time

     0     0  108.33333    0 3745  909.00000  108.33333  88.1%     -   21s
H    0     0                     767.0000000  108.33333  85.9%     -   21s
H    0     0                     526.0000000  108.33333  79.4%     -   32s
     0     0  113.36239    0 3816  526.00000  113.36239  78.4%     -   41s
     0     0  113.59849    0 3744  526.00000  113.59849  78.4%     -   42s
     0     0  117.98031    0 4135  526.00000  117.98031  77.6%     -   49s
     0     0  118.04617    0 4370  526.00000  118.04617  77.6%     -   50s
     0     0  118.82453    0 4153  526.00000  118.82453  77.4%     -   53s
     0     0  118.94579    0 4375  526.00000  118.94579  77.4%     -   54s
     0     0  120.09021    0 4654  526.00000  120.09021  77.2%     -   58s
     0     0  120.19968    0 4959  526.00000  120.19968  77.1%     -   59s
     0     0  121.08870    0 5093  526.00000  121.08870  77.0%     -   63s
     0     0  121.12698    0 5192  526.00000  121.12698  77.0%     -   63s
     0     0  121.83213    0 5109  526.00000  121.83213  76.8%     -   66s
     0     0  121.96711    0 5156  526.00000  121.96711  76.8%     -   67s
     0     0  122.25396    0 5403  526.00000  122.25396  76.8%     -   69s
     0     0  122.41401    0 5375  526.00000  122.41401  76.7%     -   70s
     0     0  122.48436    0 5213  526.00000  122.48436  76.7%     -   71s
     0     0  122.48793    0 5370  526.00000  122.48793  76.7%     -   71s
     0     0  122.72801    0 5481  526.00000  122.72801  76.7%     -   73s
     0     0  122.73764    0 5463  526.00000  122.73764  76.7%     -   74s
     0     0  123.29676    0 5257  526.00000  123.29676  76.6%     -   76s
     0     0  123.33749    0 5437  526.00000  123.33749  76.6%     -   76s
     0     0  123.81689    0 5675  526.00000  123.81689  76.5%     -   79s
     0     0  123.84373    0 5633  526.00000  123.84373  76.5%     -   79s
     0     0  124.13059    0 5609  526.00000  124.13059  76.4%     -   82s
     0     0  124.18372    0 5682  526.00000  124.18372  76.4%     -   83s
     0     0  124.38588    0 5545  526.00000  124.38588  76.4%     -   85s
     0     0  124.41322    0 5883  526.00000  124.41322  76.3%     -   86s
     0     0  124.69627    0 5634  526.00000  124.69627  76.3%     -   90s
     0     0  124.71892    0 5803  526.00000  124.71892  76.3%     -   91s
     0     0  125.04477    0 5613  526.00000  125.04477  76.2%     -   94s
     0     0  125.10732    0 5738  526.00000  125.10732  76.2%     -   95s
     0     0  125.32609    0 5811  526.00000  125.32609  76.2%     -   97s
     0     0  125.33901    0 6038  526.00000  125.33901  76.2%     -   98s
     0     0  125.57525    0 5644  526.00000  125.57525  76.1%     -  101s
     0     0  125.60144    0 5703  526.00000  125.60144  76.1%     -  101s
     0     0  125.67236    0 5819  526.00000  125.67236  76.1%     -  103s
     0     0  125.68270    0 5846  526.00000  125.68270  76.1%     -  103s
     0     0  125.82330    0 5763  526.00000  125.82330  76.1%     -  105s
     0     0  125.83139    0 5750  526.00000  125.83139  76.1%     -  106s
     0     0  125.91534    0 5713  526.00000  125.91534  76.1%     -  108s
     0     0  125.92515    0 5804  526.00000  125.92515  76.1%     -  109s
     0     0  126.02608    0 5425  526.00000  126.02608  76.0%     -  112s
     0     0  126.04188    0 5417  526.00000  126.04188  76.0%     -  112s
     0     0  126.08275    0 5782  526.00000  126.08275  76.0%     -  114s
     0     0  126.08275    0 5685  526.00000  126.08275  76.0%     -  116s

Cutting planes:
  Gomory: 17
  MIR: 20
  Zero half: 186

Explored 0 nodes (80268 simplex iterations) in 120.01 seconds
Thread count was 4 (of 4 available processors)

Time limit reached
Best objective 5.260000000000e+02, best bound 1.270000000000e+02, gap 75.8555%

Gurobi 6.5.2 (mac64) logging started Wed Nov 16 15:42:33 2016

Optimize a model with 58487 rows, 28944 columns and 161712 nonzeros
Coefficient statistics:
  Matrix range    [1e+00, 1e+00]
  Objective range [1e+00, 1e+01]
  Bounds range    [1e+00, 1e+00]
  RHS range       [1e+00, 3e+00]
Found heuristic solution: objective 909
Presolve removed 44510 rows and 16686 columns
Presolve time: 0.45s
Presolved: 13977 rows, 12258 columns, 52002 nonzeros
Variable types: 0 continuous, 12258 integer (12258 binary)

Root simplex log...

Iteration    Objective       Primal Inf.    Dual Inf.      Time
   19537    1.5653118e+02   4.478502e+02   0.000000e+00      5s
   24632    1.7033204e+02   0.000000e+00   0.000000e+00      8s

Root relaxation: objective 1.703320e+02, 24632 iterations, 7.84 seconds

    Nodes    |    Current Node    |     Objective Bounds      |     Work
 Expl Unexpl |  Obj  Depth IntInf | Incumbent    BestBd   Gap | It/Node Time

     0     0  170.33204    0 2752  909.00000  170.33204  81.3%     -    9s
H    0     0                     746.0000000  170.33204  77.2%     -    9s
H    0     0                     542.0000000  170.33204  68.6%     -   15s
     0     0  180.28781    0 2981  542.00000  180.28781  66.7%     -   18s
     0     0  180.39055    0 3072  542.00000  180.39055  66.7%     -   18s
     0     0  183.95256    0 3392  542.00000  183.95256  66.1%     -   22s
     0     0  184.31701    0 3568  542.00000  184.31701  66.0%     -   22s
     0     0  186.70536    0 3826  542.00000  186.70536  65.6%     -   25s
     0     0  187.15557    0 3930  542.00000  187.15557  65.5%     -   25s
     0     0  188.90148    0 4036  542.00000  188.90148  65.1%     -   28s
     0     0  189.06139    0 4113  542.00000  189.06139  65.1%     -   28s
     0     0  190.90336    0 4334  542.00000  190.90336  64.8%     -   30s
     0     0  191.07584    0 4311  542.00000  191.07584  64.7%     -   31s
     0     0  192.07844    0 4440  542.00000  192.07844  64.6%     -   33s
     0     0  192.38813    0 4410  542.00000  192.38813  64.5%     -   34s
     0     0  193.53657    0 4598  542.00000  193.53657  64.3%     -   35s
     0     0  193.70461    0 4556  542.00000  193.70461  64.3%     -   36s
     0     0  194.46839    0 4521  542.00000  194.46839  64.1%     -   38s
     0     0  194.58102    0 4364  542.00000  194.58102  64.1%     -   39s
     0     0  195.34487    0 4785  542.00000  195.34487  64.0%     -   41s
     0     0  195.45600    0 4766  542.00000  195.45600  63.9%     -   41s
     0     0  196.11547    0 4741  542.00000  196.11547  63.8%     -   43s
     0     0  196.35389    0 4768  542.00000  196.35389  63.8%     -   44s
     0     0  197.02874    0 4948  542.00000  197.02874  63.6%     -   46s
     0     0  197.15519    0 4736  542.00000  197.15519  63.6%     -   47s
     0     0  197.95467    0 4847  542.00000  197.95467  63.5%     -   51s
     0     0  198.22578    0 4852  542.00000  198.22578  63.4%     -   51s
     0     0  199.06384    0 5016  542.00000  199.06384  63.3%     -   54s
     0     0  199.11595    0 5007  542.00000  199.11595  63.3%     -   55s
     0     0  199.80044    0 4870  542.00000  199.80044  63.1%     -   58s
     0     0  199.87435    0 4978  542.00000  199.87435  63.1%     -   59s
     0     0  200.39091    0 5080  542.00000  200.39091  63.0%     -   61s
     0     0  200.44998    0 5193  542.00000  200.44998  63.0%     -   62s
     0     0  200.83393    0 5028  542.00000  200.83393  62.9%     -   64s
     0     0  200.88830    0 5213  542.00000  200.88830  62.9%     -   65s
     0     0  201.37298    0 5255  542.00000  201.37298  62.8%     -   68s
     0     0  201.40457    0 5276  542.00000  201.40457  62.8%     -   69s
     0     0  201.68142    0 5145  542.00000  201.68142  62.8%     -   71s
     0     0  201.70854    0 5183  542.00000  201.70854  62.8%     -   72s
     0     0  202.09478    0 5243  542.00000  202.09478  62.7%     -   74s
     0     0  202.13744    0 5209  542.00000  202.13744  62.7%     -   75s
     0     0  202.38877    0 5219  542.00000  202.38877  62.7%     -   78s
     0     0  202.42076    0 5349  542.00000  202.42076  62.7%     -   79s
     0     0  202.63197    0 5396  542.00000  202.63197  62.6%     -   81s
     0     0  202.63197    0 5376  542.00000  202.63197  62.6%     -   81s

Cutting planes:
  Gomory: 16
  MIR: 15
  Zero half: 320

Explored 0 nodes (60766 simplex iterations) in 120.01 seconds
Thread count was 4 (of 4 available processors)

Time limit reached
Best objective 5.420000000000e+02, best bound 2.030000000000e+02, gap 62.5461%

Gurobi 6.5.2 (mac64) logging started Wed Nov 16 15:46:15 2016

Optimize a model with 49259 rows, 24120 columns and 134760 nonzeros
Coefficient statistics:
  Matrix range    [1e+00, 1e+00]
  Objective range [1e+00, 1e+01]
  Bounds range    [1e+00, 1e+00]
  RHS range       [1e+00, 3e+00]
Found heuristic solution: objective 909
Presolve removed 37362 rows and 13905 columns
Presolve time: 0.39s
Presolved: 11897 rows, 10215 columns, 43335 nonzeros
Variable types: 0 continuous, 10215 integer (10215 binary)

Root relaxation: objective 2.218674e+02, 16329 iterations, 3.23 seconds

    Nodes    |    Current Node    |     Objective Bounds      |     Work
 Expl Unexpl |  Obj  Depth IntInf | Incumbent    BestBd   Gap | It/Node Time

     0     0  221.86738    0 2272  909.00000  221.86738  75.6%     -    4s
H    0     0                     730.0000000  221.86738  69.6%     -    4s
H    0     0                     682.0000000  221.86738  67.5%     -    4s
H    0     0                     555.0000000  221.86738  60.0%     -    8s
     0     0  230.48537    0 2827  555.00000  230.48537  58.5%     -   10s
     0     0  230.91347    0 2910  555.00000  230.91347  58.4%     -   10s
     0     0  234.75489    0 3063  555.00000  234.75489  57.7%     -   12s
     0     0  235.69956    0 2954  555.00000  235.69956  57.5%     -   12s
     0     0  238.06847    0 3136  555.00000  238.06847  57.1%     -   14s
     0     0  238.59754    0 3330  555.00000  238.59754  57.0%     -   14s
     0     0  240.67513    0 3349  555.00000  240.67513  56.6%     -   15s
     0     0  241.11667    0 3647  555.00000  241.11667  56.6%     -   16s
     0     0  242.88317    0 3500  555.00000  242.88317  56.2%     -   17s
     0     0  243.07207    0 3649  555.00000  243.07207  56.2%     -   17s
     0     0  244.32686    0 3459  555.00000  244.32686  56.0%     -   19s
     0     0  244.54036    0 3489  555.00000  244.54036  55.9%     -   19s
     0     0  245.35597    0 3673  555.00000  245.35597  55.8%     -   21s
     0     0  245.47111    0 3803  555.00000  245.47111  55.8%     -   21s
     0     0  246.15758    0 3813  555.00000  246.15758  55.6%     -   22s
     0     0  246.24445    0 3888  555.00000  246.24445  55.6%     -   23s
     0     0  246.96906    0 3827  555.00000  246.96906  55.5%     -   24s
     0     0  247.07320    0 3940  555.00000  247.07320  55.5%     -   24s
     0     0  247.79194    0 3901  555.00000  247.79194  55.4%     -   26s
     0     0  247.91017    0 3948  555.00000  247.91017  55.3%     -   26s
     0     0  248.37350    0 3952  555.00000  248.37350  55.2%     -   27s
     0     0  248.44409    0 3926  555.00000  248.44409  55.2%     -   28s
     0     0  248.64664    0 3965  555.00000  248.64664  55.2%     -   29s
     0     0  248.71881    0 4073  555.00000  248.71881  55.2%     -   29s
     0     0  249.05255    0 3967  555.00000  249.05255  55.1%     -   30s
     0     0  249.10061    0 3851  555.00000  249.10061  55.1%     -   31s
     0     0  249.46282    0 4077  555.00000  249.46282  55.1%     -   32s
     0     0  249.49839    0 4088  555.00000  249.49839  55.0%     -   32s
     0     0  249.88179    0 4069  555.00000  249.88179  55.0%     -   34s
     0     0  249.90744    0 4126  555.00000  249.90744  55.0%     -   34s
     0     0  250.22216    0 4092  555.00000  250.22216  54.9%     -   36s
     0     0  250.31718    0 4094  555.00000  250.31718  54.9%     -   36s
     0     0  250.74938    0 4227  555.00000  250.74938  54.8%     -   38s
     0     0  250.80485    0 4114  555.00000  250.80485  54.8%     -   38s
     0     0  251.11752    0 4078  555.00000  251.11752  54.8%     -   39s
     0     0  251.16878    0 4205  555.00000  251.16878  54.7%     -   40s
     0     0  251.36517    0 4070  555.00000  251.36517  54.7%     -   41s
     0     0  251.43267    0 4070  555.00000  251.43267  54.7%     -   41s
     0     0  251.62245    0 4103  555.00000  251.62245  54.7%     -   42s
     0     0  251.62245    0 4094  555.00000  251.62245  54.7%     -   43s
H    0     2                     523.0000000  251.62245  51.9%     -   67s
     0     2  251.62245    0 4078  523.00000  251.62245  51.9%     -   67s
     1     3  255.25292    1 3967  523.00000  251.62245  51.9%  2932   70s
     6     9  253.21202    3 3602  523.00000  252.53432  51.7%  1086   76s
     8     9  256.77768    4 3856  523.00000  252.53432  51.7%  1045   80s
    12    12  256.13439    5 3706  523.00000  252.53432  51.7%  1177   85s
    24    26  263.86919   13 3601  523.00000  252.53432  51.7%   932   90s
    28    28  264.50413   15 3355  523.00000  252.53432  51.7%   892   96s
    37    39  266.42444   19 3465  523.00000  252.53432  51.7%   770  100s
    58    59  270.09757   30 3305  523.00000  252.53432  51.7%   570  106s
    64    66  271.69462   31 3201  523.00000  252.53432  51.7%   552  111s
    77    77  273.98099   34 3326  523.00000  252.53432  51.7%   560  115s
H   85    87                     521.0000000  252.53432  51.5%   544  120s
    95    94  286.85873   42 2440  521.00000  252.53432  51.5%   587  125s
   104   107  296.36275   46 2019  521.00000  252.53432  51.5%   618  132s
   111   113  307.39735   48 2282  521.00000  252.53432  51.5%   683  135s
H  114   112                     515.0000000  252.53432  51.0%   681  137s
   128   129  323.30278   54 1835  515.00000  252.53432  51.0%   661  140s
H  146   149                     507.0000000  252.53432  50.2%   639  146s
   158   159  363.43063   66 1570  507.00000  252.53432  50.2%   642  150s
H  175   177                     505.0000000  252.53432  50.0%   622  153s
   199   199  393.11745   85 1449  505.00000  252.53432  50.0%   582  155s
H  213   216                     504.0000000  252.53432  49.9%   560  157s
   236   236  458.41612  103  863  504.00000  252.53432  49.9%   542  160s
H  270   267                     502.0000000  252.53432  49.7%   498  161s
   292   284  258.43862    7 3861  502.00000  252.53450  49.7%   489  166s
   307   299  263.24094   12 3579  502.00000  252.53450  49.7%   489  170s
H  334   316                     492.0000000  252.53450  48.7%   475  172s
   354   345  267.84793   22 3737  492.00000  252.53450  48.7%   460  176s
H  391   358                     489.0000000  252.53450  48.4%   434  184s
H  392   352                     483.0000000  252.53450  47.7%   443  184s
   393   355  278.02435   32 2994  483.00000  252.53450  47.7%   445  189s
   397   358  279.88328   33 2886  483.00000  252.53450  47.7%   458  192s
   403   359  284.35698   35 2736  483.00000  252.53450  47.7%   463  195s
H  425   381                     481.0000000  252.53450  47.5%   464  202s
   430   383  312.68334   47 2390  481.00000  252.53450  47.5%   473  206s
   446   400  324.53904   51 2266  481.00000  252.53450  47.5%   481  213s
   452   406  332.56622   53 2213  481.00000  252.53450  47.5%   491  217s
   459   415  337.14646   57 2081  481.00000  252.53450  47.5%   498  220s
   475   428  370.14912   64 1686  481.00000  252.53450  47.5%   509  226s
   485   441  379.56436   68 1564  481.00000  252.53450  47.5%   516  230s
   504   455  407.45535   74 1358  481.00000  252.53450  47.5%   520  236s
   548   498  470.83821  104  511  481.00000  252.96491  47.4%   508  242s
   577   515  258.90176    4 3989  481.00000  252.96491  47.4%   494  248s
   586   522  261.79158    8 3926  481.00000  252.96491  47.4%   503  252s
   599   538  266.54867   12 3645  481.00000  252.96491  47.4%   503  255s
   636   568  273.25253   24 3835  481.00000  252.96491  47.4%   497  262s
   657   592  284.25158   28 3141  481.00000  252.96491  47.4%   500  267s
   675   605  284.89801   29 3100  481.00000  252.96491  47.4%   495  271s
   745   655  479.03637  141 4094  481.00000  252.96491  47.4%   470  285s
   747   656  348.79661   64 2229  481.00000  252.96491  47.4%   469  295s
   748   657  277.65763   34 3074  481.00000  252.96491  47.4%   469  302s
   749   658  311.40365   53 3316  481.00000  252.96491  47.4%   468  308s
   750   658  305.73802   60 3243  481.00000  253.64111  47.3%   467  312s
   751   659  286.42012   30 3571  481.00000  256.87079  46.6%   467  316s
   752   660  323.70505   76 3373  481.00000  268.20664  44.2%   466  322s
   753   660  270.29335    6 3448  481.00000  270.29335  43.8%   465  326s
   754   661  296.36755   47 3133  481.00000  275.75843  42.7%   465  331s
   755   662  276.81944   16 3170  481.00000  276.81944  42.4%   464  335s
   756   662  287.27932   41 3173  481.00000  279.01440  42.0%   464  340s
   758   664  281.92751   31 3245  481.00000  281.92751  41.4%   462  349s
   759   664  282.65674   43 3592  481.00000  282.65674  41.2%   462  353s
   760   665  361.50288   65 3563  481.00000  285.00753  40.7%   461  359s
   761   666  384.36549   82 3901  481.00000  285.82056  40.6%   461  365s
   762   666  287.76772    8 3668  481.00000  287.76772  40.2%   460  372s
   763   667  288.82094   37 3527  481.00000  288.82094  40.0%   459  377s
   764   668  290.02467    8 3447  481.00000  290.02467  39.7%   459  385s
   765   668  479.03637  141 3634  481.00000  290.32238  39.6%   458  391s
   766   669  332.59720   58 3712  481.00000  291.18939  39.5%   458  399s
   767   670  348.79661   64 3558  481.00000  291.49796  39.4%   457  404s
   768   670  291.97163   34 3608  481.00000  291.97163  39.3%   456  412s
   769   671  311.40365   53 3591  481.00000  292.16617  39.3%   456  417s
   770   672  305.73802   60 3595  481.00000  292.44850  39.2%   455  423s
   771   672  292.61462   30 3705  481.00000  292.61462  39.2%   455  428s
   772   673  323.70505   76 3582  481.00000  293.15091  39.1%   454  435s
   773   674  293.29762    6 3540  481.00000  293.29762  39.0%   453  441s
   774   674  296.36755   47 3641  481.00000  293.67796  38.9%   453  449s
   775   675  293.73688   16 3619  481.00000  293.73688  38.9%   452  454s
   776   676  293.98951   41 3643  481.00000  293.98951  38.9%   452  458s
   777   676  298.52390   49 3642  481.00000  294.11720  38.9%   451  460s
   779   678  294.44872   43 3671  481.00000  294.44872  38.8%   450  467s
   780   678  361.50288   65 3714  481.00000  294.77964  38.7%   449  471s
   782   680  295.17414    8 3667  481.00000  295.17414  38.6%   448  478s
   783   680  295.31886   37 3772  481.00000  295.31886  38.6%   448  480s
   784   681  295.61609    8 3598  481.00000  295.61609  38.5%   447  485s
   786   682  332.59720   58 3612  481.00000  296.02521  38.5%   446  492s
   788   684  296.39016   34 3622  481.00000  296.39016  38.4%   445  499s
   789   684  311.40365   53 3692  481.00000  296.63094  38.3%   444  503s
   790   685  305.73802   60 3651  481.00000  296.74509  38.3%   444  508s
   791   686  296.76166   30 3746  481.00000  296.76166  38.3%   443  510s
   792   686  323.70505   76 3728  481.00000  297.33444  38.2%   443  516s
   794   688  297.62747   47 3636  481.00000  297.62747  38.1%   441  522s
   795   688  297.70826   16 3892  481.00000  297.70826  38.1%   441  525s
   797   690  298.52390   49 3995  481.00000  297.95106  38.1%   440  532s
   798   690  298.26290   31 3807  481.00000  298.26290  38.0%   439  537s
   799   691  298.35749   43 3858  481.00000  298.35749  38.0%   439  540s
   801   692  384.36549   82 3776  481.00000  298.54713  37.9%   438  547s
   802   693  298.75772    8 3674  481.00000  298.75772  37.9%   437  553s
   803   694  298.85010   37 3763  481.00000  298.85010  37.9%   436  557s
   804   694  298.93953    8 3649  481.00000  298.93953  37.9%   436  564s
   805   695  479.03637  141 3838  481.00000  298.99939  37.8%   435  568s
   806   696  332.59720   58 3858  481.00000  299.25249  37.8%   435  574s
   807   696  348.79661   64 3961  481.00000  299.32011  37.8%   434  578s
   808   697  299.53801   34 3938  481.00000  299.53801  37.7%   434  583s
   809   698  311.40365   53 4004  481.00000  299.60780  37.7%   433  586s
   810   698  305.73802   60 3971  481.00000  299.77352  37.7%   433  590s
   812   700  323.70505   76 3909  481.00000  299.84997  37.7%   432  597s

Cutting planes:
  Gomory: 169
  MIR: 34
  Flow cover: 349
  Zero half: 113
  Mod-K: 157

Explored 813 nodes (525926 simplex iterations) in 600.01 seconds
Thread count was 4 (of 4 available processors)

Time limit reached
Best objective 4.810000000000e+02, best bound 3.000000000000e+02, gap 37.6299%

Gurobi 6.5.2 (mac64) logging started Thu Nov 17 13:17:46 2016

Optimize a model with 49259 rows, 24120 columns and 134760 nonzeros
Coefficient statistics:
  Matrix range    [1e+00, 1e+00]
  Objective range [1e+00, 1e+01]
  Bounds range    [1e+00, 1e+00]
  RHS range       [1e+00, 3e+00]
Presolve removed 14820 rows and 10030 columns
Presolve time: 0.04s

Explored 0 nodes (0 simplex iterations) in 0.12 seconds
Thread count was 1 (of 4 available processors)

Model is infeasible
Best objective -, best bound -, gap -
